TpTrace Verbose: 0 : 22284, 1, 2024/03/19, 21:26:44.834, 4512495043658, vstest.console.dll, Version: 17.9.0-release-23627-01 Current process architecture: X64
TpTrace Verbose: 0 : 22284, 1, 2024/03/19, 21:26:44.836, 4512495070502, vstest.console.dll, Runtime location: C:\Program Files\dotnet\shared\Microsoft.NETCore.App\8.0.2
TpTrace Verbose: 0 : 22284, 1, 2024/03/19, 21:26:44.838, 4512495090319, vstest.console.dll, ArtifactProcessingPostProcessModeProcessorExecutor.Initialize: ArtifactProcessingMode.Collect
TpTrace Verbose: 0 : 22284, 1, 2024/03/19, 21:26:44.839, 4512495091694, vstest.console.dll, TestSessionCorrelationIdProcessorModeProcessorExecutor.Initialize: TestSessionCorrelationId '19964_245bfc13-b711-4711-96cb-b01de59d23d3'
TpTrace Information: 0 : 22284, 1, 2024/03/19, 21:26:44.846, 4512495166020, vstest.console.dll, FilePatternParser: The given file C:\Estudos\Udemy\CleanArchMvc\CleanArchMvc.Domain.Tests\bin\Debug\net8.0\fine-code-coverage\build-output\CleanArchMvc.Domain.Tests.dll is a full path.
TpTrace Verbose: 0 : 22284, 1, 2024/03/19, 21:26:44.850, 4512495207978, vstest.console.dll, TestPluginCache.DiscoverTestExtensions: finding test extensions in assemblies ends with: RuntimeProvider.dll TPluginInfo: Microsoft.VisualStudio.TestPlatform.Common.ExtensionFramework.Utilities.TestRuntimePluginInformation TExtension: Microsoft.VisualStudio.TestPlatform.ObjectModel.Host.ITestRuntimeProvider
TpTrace Verbose: 0 : 22284, 1, 2024/03/19, 21:26:44.850, 4512495210914, vstest.console.dll, TestPluginCache.GetExtensionPaths: Filtered extension paths: 
TpTrace Verbose: 0 : 22284, 1, 2024/03/19, 21:26:44.851, 4512495211681, vstest.console.dll, TestPluginCache.GetExtensionPaths: Added default extension paths: C:\Program Files\dotnet\sdk\8.0.200\Extensions\Microsoft.Diagnostics.NETCore.Client.dll
C:\Program Files\dotnet\sdk\8.0.200\Extensions\Microsoft.TestPlatform.Extensions.BlameDataCollector.dll
C:\Program Files\dotnet\sdk\8.0.200\Extensions\Microsoft.TestPlatform.Extensions.EventLogCollector.dll
C:\Program Files\dotnet\sdk\8.0.200\Extensions\Microsoft.TestPlatform.TestHostRuntimeProvider.dll
C:\Program Files\dotnet\sdk\8.0.200\Extensions\Microsoft.VisualStudio.TestPlatform.Extensions.Html.TestLogger.dll
C:\Program Files\dotnet\sdk\8.0.200\Extensions\Microsoft.VisualStudio.TestPlatform.Extensions.Trx.TestLogger.dll
TpTrace Verbose: 0 : 22284, 1, 2024/03/19, 21:26:44.851, 4512495211997, vstest.console.dll, TestPluginCache.GetExtensionPaths: Added unfilterableExtensionPaths: 
TpTrace Information: 0 : 22284, 1, 2024/03/19, 21:26:44.851, 4512495215982, vstest.console.dll, AssemblyResolver.ctor: Creating AssemblyResolver with searchDirectories C:\Program Files\dotnet\sdk\8.0.200\Extensions,C:\Program Files\dotnet\sdk\8.0.200
TpTrace Verbose: 0 : 22284, 1, 2024/03/19, 21:26:44.852, 4512495228325, vstest.console.dll, TestPluginCache.DiscoverTestExtensions: Discovering the extensions using extension path.
TpTrace Verbose: 0 : 22284, 1, 2024/03/19, 21:26:44.852, 4512495229648, vstest.console.dll, TestPluginCache.GetExtensionPaths: Filtered extension paths: 
TpTrace Verbose: 0 : 22284, 1, 2024/03/19, 21:26:44.852, 4512495229997, vstest.console.dll, TestPluginCache.GetExtensionPaths: Added default extension paths: C:\Program Files\dotnet\sdk\8.0.200\Extensions\Microsoft.Diagnostics.NETCore.Client.dll
C:\Program Files\dotnet\sdk\8.0.200\Extensions\Microsoft.TestPlatform.Extensions.BlameDataCollector.dll
C:\Program Files\dotnet\sdk\8.0.200\Extensions\Microsoft.TestPlatform.Extensions.EventLogCollector.dll
C:\Program Files\dotnet\sdk\8.0.200\Extensions\Microsoft.TestPlatform.TestHostRuntimeProvider.dll
C:\Program Files\dotnet\sdk\8.0.200\Extensions\Microsoft.VisualStudio.TestPlatform.Extensions.Html.TestLogger.dll
C:\Program Files\dotnet\sdk\8.0.200\Extensions\Microsoft.VisualStudio.TestPlatform.Extensions.Trx.TestLogger.dll
TpTrace Verbose: 0 : 22284, 1, 2024/03/19, 21:26:44.852, 4512495230319, vstest.console.dll, TestPluginCache.GetExtensionPaths: Added unfilterableExtensionPaths: 
TpTrace Verbose: 0 : 22284, 1, 2024/03/19, 21:26:44.852, 4512495230809, vstest.console.dll, TestPluginCache.DiscoverTestExtensions: Discovering the extensions using allExtensionPaths: C:\Program Files\dotnet\sdk\8.0.200\Extensions\Microsoft.Diagnostics.NETCore.Client.dll
C:\Program Files\dotnet\sdk\8.0.200\Extensions\Microsoft.TestPlatform.Extensions.BlameDataCollector.dll
C:\Program Files\dotnet\sdk\8.0.200\Extensions\Microsoft.TestPlatform.Extensions.EventLogCollector.dll
C:\Program Files\dotnet\sdk\8.0.200\Extensions\Microsoft.TestPlatform.TestHostRuntimeProvider.dll
C:\Program Files\dotnet\sdk\8.0.200\Extensions\Microsoft.VisualStudio.TestPlatform.Extensions.Html.TestLogger.dll
C:\Program Files\dotnet\sdk\8.0.200\Extensions\Microsoft.VisualStudio.TestPlatform.Extensions.Trx.TestLogger.dll
TpTrace Information: 0 : 22284, 1, 2024/03/19, 21:26:44.853, 4512495232094, vstest.console.dll, AssemblyResolver.AddSearchDirectories: Adding more searchDirectories C:\Program Files\dotnet\sdk\8.0.200\Extensions,C:\Program Files\dotnet\sdk\8.0.200
TpTrace Information: 0 : 22284, 1, 2024/03/19, 21:26:44.853, 4512495232559, vstest.console.dll, AssemblyResolver.AddSearchDirectories: Adding more searchDirectories C:\Program Files\dotnet\sdk\8.0.200\Extensions,C:\Program Files\dotnet\sdk\8.0.200
TpTrace Information: 0 : 22284, 1, 2024/03/19, 21:26:44.853, 4512495232823, vstest.console.dll, AssemblyResolver.AddSearchDirectories: Adding more searchDirectories C:\Program Files\dotnet\sdk\8.0.200\Extensions,C:\Program Files\dotnet\sdk\8.0.200
TpTrace Information: 0 : 22284, 1, 2024/03/19, 21:26:44.853, 4512495233119, vstest.console.dll, AssemblyResolver.AddSearchDirectories: Adding more searchDirectories C:\Program Files\dotnet\sdk\8.0.200\Extensions,C:\Program Files\dotnet\sdk\8.0.200
TpTrace Information: 0 : 22284, 1, 2024/03/19, 21:26:44.853, 4512495233362, vstest.console.dll, AssemblyResolver.AddSearchDirectories: Adding more searchDirectories C:\Program Files\dotnet\sdk\8.0.200\Extensions,C:\Program Files\dotnet\sdk\8.0.200
TpTrace Information: 0 : 22284, 1, 2024/03/19, 21:26:44.853, 4512495233602, vstest.console.dll, AssemblyResolver.AddSearchDirectories: Adding more searchDirectories C:\Program Files\dotnet\sdk\8.0.200\Extensions,C:\Program Files\dotnet\sdk\8.0.200
TpTrace Information: 0 : 22284, 1, 2024/03/19, 21:26:44.853, 4512495237499, vstest.console.dll, AssemblyResolver.OnResolve: Microsoft.Diagnostics.NETCore.Client: Resolving assembly.
TpTrace Information: 0 : 22284, 1, 2024/03/19, 21:26:44.853, 4512495238500, vstest.console.dll, AssemblyResolver.OnResolve: Microsoft.Diagnostics.NETCore.Client: Searching in: 'C:\Program Files\dotnet\sdk\8.0.200\Extensions'.
TpTrace Information: 0 : 22284, 1, 2024/03/19, 21:26:44.862, 4512495329547, vstest.console.dll, AssemblyResolver.OnResolve: Microsoft.Diagnostics.NETCore.Client: Loading assembly 'C:\Program Files\dotnet\sdk\8.0.200\Extensions\Microsoft.Diagnostics.NETCore.Client.dll'.
TpTrace Information: 0 : 22284, 1, 2024/03/19, 21:26:44.863, 4512495339110, vstest.console.dll, AssemblyResolver.OnResolve: Resolved assembly: Microsoft.Diagnostics.NETCore.Client, from path: C:\Program Files\dotnet\sdk\8.0.200\Extensions\Microsoft.Diagnostics.NETCore.Client.dll
TpTrace Verbose: 0 : 22284, 1, 2024/03/19, 21:26:44.870, 4512495408507, vstest.console.dll, MetadataReaderExtensionsHelper: Discovering extensions inside assembly 'Microsoft.Diagnostics.NETCore.Client, Version=0.2.9.2401, Culture=neutral, PublicKeyToken=31bf3856ad364e35' file path 'C:\Program Files\dotnet\sdk\8.0.200\Extensions\Microsoft.Diagnostics.NETCore.Client.dll'
TpTrace Information: 0 : 22284, 1, 2024/03/19, 21:26:44.875, 4512495456897, vstest.console.dll, AssemblyResolver.OnResolve: Microsoft.Bcl.AsyncInterfaces: Resolving assembly.
TpTrace Information: 0 : 22284, 1, 2024/03/19, 21:26:44.875, 4512495458589, vstest.console.dll, AssemblyResolver.OnResolve: Microsoft.Bcl.AsyncInterfaces: Searching in: 'C:\Program Files\dotnet\sdk\8.0.200\Extensions'.
TpTrace Information: 0 : 22284, 1, 2024/03/19, 21:26:44.875, 4512495460660, vstest.console.dll, AssemblyResolver.OnResolve: Microsoft.Bcl.AsyncInterfaces: Assembly path does not exist: 'C:\Program Files\dotnet\sdk\8.0.200\Extensions\Microsoft.Bcl.AsyncInterfaces.dll', returning.
TpTrace Information: 0 : 22284, 1, 2024/03/19, 21:26:44.876, 4512495462406, vstest.console.dll, AssemblyResolver.OnResolve: Microsoft.Bcl.AsyncInterfaces: Assembly path does not exist: 'C:\Program Files\dotnet\sdk\8.0.200\Extensions\Microsoft.Bcl.AsyncInterfaces.exe', returning.
TpTrace Information: 0 : 22284, 1, 2024/03/19, 21:26:44.876, 4512495462783, vstest.console.dll, AssemblyResolver.OnResolve: Microsoft.Bcl.AsyncInterfaces: Searching in: 'C:\Program Files\dotnet\sdk\8.0.200'.
TpTrace Information: 0 : 22284, 1, 2024/03/19, 21:26:44.876, 4512495463411, vstest.console.dll, AssemblyResolver.OnResolve: Microsoft.Bcl.AsyncInterfaces: Assembly path does not exist: 'C:\Program Files\dotnet\sdk\8.0.200\Microsoft.Bcl.AsyncInterfaces.dll', returning.
TpTrace Information: 0 : 22284, 1, 2024/03/19, 21:26:44.876, 4512495463915, vstest.console.dll, AssemblyResolver.OnResolve: Microsoft.Bcl.AsyncInterfaces: Assembly path does not exist: 'C:\Program Files\dotnet\sdk\8.0.200\Microsoft.Bcl.AsyncInterfaces.exe', returning.
TpTrace Information: 0 : 22284, 1, 2024/03/19, 21:26:44.876, 4512495464174, vstest.console.dll, AssemblyResolver.OnResolve: Microsoft.Bcl.AsyncInterfaces: Failed to load assembly.
TpTrace Verbose: 0 : 22284, 1, 2024/03/19, 21:26:44.876, 4512495464587, vstest.console.dll, CurrentDomainAssemblyResolve: Resolving assembly 'Microsoft.Bcl.AsyncInterfaces'.
TpTrace Information: 0 : 22284, 1, 2024/03/19, 21:26:44.876, 4512495465590, vstest.console.dll, AssemblyResolver.OnResolve: Microsoft.Bcl.AsyncInterfaces: Resolving assembly.
TpTrace Information: 0 : 22284, 1, 2024/03/19, 21:26:44.876, 4512495467266, vstest.console.dll, AssemblyResolver.OnResolve: Microsoft.Bcl.AsyncInterfaces: Resolved from cache.
TpTrace Verbose: 0 : 22284, 1, 2024/03/19, 21:26:44.876, 4512495468050, vstest.console.dll, CurrentDomainAssemblyResolve: Resolving assembly 'Microsoft.Bcl.AsyncInterfaces'.
TpTrace Verbose: 0 : 22284, 1, 2024/03/19, 21:26:44.876, 4512495468582, vstest.console.dll, CurrentDomainAssemblyResolve: Failed to resolve assembly 'Microsoft.Bcl.AsyncInterfaces'.
TpTrace Verbose: 0 : 22284, 1, 2024/03/19, 21:26:44.877, 4512495476411, vstest.console.dll, CurrentDomainAssemblyResolve: Failed to resolve assembly 'Microsoft.Bcl.AsyncInterfaces'.
TpTrace Warning: 0 : 22284, 1, 2024/03/19, 21:26:44.889, 4512495595577, vstest.console.dll, TestPluginDiscoverer: Failed to get types from assembly 'Microsoft.Diagnostics.NETCore.Client, Version=0.2.9.2401, Culture=neutral, PublicKeyToken=31bf3856ad364e35'. Error: System.Reflection.ReflectionTypeLoadException: Unable to load one or more of the requested types.
Could not load file or assembly 'Microsoft.Bcl.AsyncInterfaces, Version=6.0.0.0, Culture=neutral, PublicKeyToken=cc7b13ffcd2ddd51'. O sistema não pode encontrar o arquivo especificado.
   at System.Reflection.RuntimeModule.GetTypes(RuntimeModule module)
   at System.Reflection.RuntimeModule.GetTypes()
   at Microsoft.VisualStudio.TestPlatform.Common.ExtensionFramework.TestPluginDiscoverer.GetTestExtensionsFromAssembly[TPluginInfo,TExtension](Assembly assembly, Dictionary`2 pluginInfos, String filePath) in /_/src/Microsoft.TestPlatform.Common/ExtensionFramework/TestPluginDiscoverer.cs:line 158
System.IO.FileNotFoundException: Could not load file or assembly 'Microsoft.Bcl.AsyncInterfaces, Version=6.0.0.0, Culture=neutral, PublicKeyToken=cc7b13ffcd2ddd51'. O sistema não pode encontrar o arquivo especificado.
File name: 'Microsoft.Bcl.AsyncInterfaces, Version=6.0.0.0, Culture=neutral, PublicKeyToken=cc7b13ffcd2ddd51'
 ---> System.IO.FileNotFoundException: Could not load file or assembly 'Microsoft.Bcl.AsyncInterfaces, Culture=neutral, PublicKeyToken=null'. O sistema não pode encontrar o arquivo especificado.
File name: 'Microsoft.Bcl.AsyncInterfaces, Culture=neutral, PublicKeyToken=null'
   at System.Reflection.RuntimeAssembly.InternalLoad(AssemblyName assemblyName, StackCrawlMark& stackMark, AssemblyLoadContext assemblyLoadContext, RuntimeAssembly requestingAssembly, Boolean throwOnFileNotFound)
   at System.Reflection.Assembly.Load(AssemblyName assemblyRef)
   at Microsoft.VisualStudio.TestPlatform.Common.ExtensionFramework.TestPluginCache.CurrentDomainAssemblyResolve(Object sender, AssemblyResolveEventArgs args) in /_/src/Microsoft.TestPlatform.Common/ExtensionFramework/TestPluginCache.cs:line 513
   at System.Runtime.Loader.AssemblyLoadContext.GetFirstResolvedAssemblyFromResolvingEvent(AssemblyName assemblyName)
   at System.Runtime.Loader.AssemblyLoadContext.ResolveUsingEvent(AssemblyName assemblyName)
   at System.Runtime.Loader.AssemblyLoadContext.ResolveUsingResolvingEvent(IntPtr gchManagedAssemblyLoadContext, AssemblyName assemblyName)
TpTrace Warning: 0 : 22284, 1, 2024/03/19, 21:26:44.889, 4512495599898, vstest.console.dll, LoaderExceptions: System.IO.FileNotFoundException: Could not load file or assembly 'Microsoft.Bcl.AsyncInterfaces, Version=6.0.0.0, Culture=neutral, PublicKeyToken=cc7b13ffcd2ddd51'. O sistema não pode encontrar o arquivo especificado.
File name: 'Microsoft.Bcl.AsyncInterfaces, Version=6.0.0.0, Culture=neutral, PublicKeyToken=cc7b13ffcd2ddd51'
 ---> System.IO.FileNotFoundException: Could not load file or assembly 'Microsoft.Bcl.AsyncInterfaces, Culture=neutral, PublicKeyToken=null'. O sistema não pode encontrar o arquivo especificado.
File name: 'Microsoft.Bcl.AsyncInterfaces, Culture=neutral, PublicKeyToken=null'
   at System.Reflection.RuntimeAssembly.InternalLoad(AssemblyName assemblyName, StackCrawlMark& stackMark, AssemblyLoadContext assemblyLoadContext, RuntimeAssembly requestingAssembly, Boolean throwOnFileNotFound)
   at System.Reflection.Assembly.Load(AssemblyName assemblyRef)
   at Microsoft.VisualStudio.TestPlatform.Common.ExtensionFramework.TestPluginCache.CurrentDomainAssemblyResolve(Object sender, AssemblyResolveEventArgs args) in /_/src/Microsoft.TestPlatform.Common/ExtensionFramework/TestPluginCache.cs:line 513
   at System.Runtime.Loader.AssemblyLoadContext.GetFirstResolvedAssemblyFromResolvingEvent(AssemblyName assemblyName)
   at System.Runtime.Loader.AssemblyLoadContext.ResolveUsingEvent(AssemblyName assemblyName)
   at System.Runtime.Loader.AssemblyLoadContext.ResolveUsingResolvingEvent(IntPtr gchManagedAssemblyLoadContext, AssemblyName assemblyName)
TpTrace Information: 0 : 22284, 1, 2024/03/19, 21:26:44.889, 4512495601292, vstest.console.dll, AssemblyResolver.OnResolve: Microsoft.TestPlatform.Extensions.BlameDataCollector: Resolving assembly.
TpTrace Information: 0 : 22284, 1, 2024/03/19, 21:26:44.890, 4512495601824, vstest.console.dll, AssemblyResolver.OnResolve: Microsoft.TestPlatform.Extensions.BlameDataCollector: Searching in: 'C:\Program Files\dotnet\sdk\8.0.200\Extensions'.
TpTrace Information: 0 : 22284, 1, 2024/03/19, 21:26:44.890, 4512495604945, vstest.console.dll, AssemblyResolver.OnResolve: Microsoft.TestPlatform.Extensions.BlameDataCollector: Loading assembly 'C:\Program Files\dotnet\sdk\8.0.200\Extensions\Microsoft.TestPlatform.Extensions.BlameDataCollector.dll'.
TpTrace Information: 0 : 22284, 1, 2024/03/19, 21:26:44.890, 4512495611411, vstest.console.dll, AssemblyResolver.OnResolve: Resolved assembly: Microsoft.TestPlatform.Extensions.BlameDataCollector, from path: C:\Program Files\dotnet\sdk\8.0.200\Extensions\Microsoft.TestPlatform.Extensions.BlameDataCollector.dll
TpTrace Verbose: 0 : 22284, 1, 2024/03/19, 21:26:44.891, 4512495612381, vstest.console.dll, MetadataReaderExtensionsHelper: Discovering extensions inside assembly 'Microsoft.TestPlatform.Extensions.BlameDataCollector, Version=15.0.0.0, Culture=neutral, PublicKeyToken=b03f5f7f11d50a3a' file path 'C:\Program Files\dotnet\sdk\8.0.200\Extensions\Microsoft.TestPlatform.Extensions.BlameDataCollector.dll'
TpTrace Information: 0 : 22284, 1, 2024/03/19, 21:26:44.892, 4512495625768, vstest.console.dll, AssemblyResolver.OnResolve: Microsoft.TestPlatform.Extensions.EventLogCollector: Resolving assembly.
TpTrace Information: 0 : 22284, 1, 2024/03/19, 21:26:44.892, 4512495626580, vstest.console.dll, AssemblyResolver.OnResolve: Microsoft.TestPlatform.Extensions.EventLogCollector: Searching in: 'C:\Program Files\dotnet\sdk\8.0.200\Extensions'.
TpTrace Information: 0 : 22284, 1, 2024/03/19, 21:26:44.892, 4512495629699, vstest.console.dll, AssemblyResolver.OnResolve: Microsoft.TestPlatform.Extensions.EventLogCollector: Loading assembly 'C:\Program Files\dotnet\sdk\8.0.200\Extensions\Microsoft.TestPlatform.Extensions.EventLogCollector.dll'.
TpTrace Information: 0 : 22284, 1, 2024/03/19, 21:26:44.893, 4512495634512, vstest.console.dll, AssemblyResolver.OnResolve: Resolved assembly: Microsoft.TestPlatform.Extensions.EventLogCollector, from path: C:\Program Files\dotnet\sdk\8.0.200\Extensions\Microsoft.TestPlatform.Extensions.EventLogCollector.dll
TpTrace Verbose: 0 : 22284, 1, 2024/03/19, 21:26:44.893, 4512495635116, vstest.console.dll, MetadataReaderExtensionsHelper: Discovering extensions inside assembly 'Microsoft.TestPlatform.Extensions.EventLogCollector, Version=15.0.0.0, Culture=neutral, PublicKeyToken=b03f5f7f11d50a3a' file path 'C:\Program Files\dotnet\sdk\8.0.200\Extensions\Microsoft.TestPlatform.Extensions.EventLogCollector.dll'
TpTrace Information: 0 : 22284, 1, 2024/03/19, 21:26:44.895, 4512495654378, vstest.console.dll, AssemblyResolver.OnResolve: Microsoft.TestPlatform.TestHostRuntimeProvider: Resolving assembly.
TpTrace Information: 0 : 22284, 1, 2024/03/19, 21:26:44.895, 4512495655353, vstest.console.dll, AssemblyResolver.OnResolve: Microsoft.TestPlatform.TestHostRuntimeProvider: Searching in: 'C:\Program Files\dotnet\sdk\8.0.200\Extensions'.
TpTrace Information: 0 : 22284, 1, 2024/03/19, 21:26:44.895, 4512495657915, vstest.console.dll, AssemblyResolver.OnResolve: Microsoft.TestPlatform.TestHostRuntimeProvider: Loading assembly 'C:\Program Files\dotnet\sdk\8.0.200\Extensions\Microsoft.TestPlatform.TestHostRuntimeProvider.dll'.
TpTrace Information: 0 : 22284, 1, 2024/03/19, 21:26:44.896, 4512495664212, vstest.console.dll, AssemblyResolver.OnResolve: Resolved assembly: Microsoft.TestPlatform.TestHostRuntimeProvider, from path: C:\Program Files\dotnet\sdk\8.0.200\Extensions\Microsoft.TestPlatform.TestHostRuntimeProvider.dll
TpTrace Verbose: 0 : 22284, 1, 2024/03/19, 21:26:44.896, 4512495664905, vstest.console.dll, MetadataReaderExtensionsHelper: Discovering extensions inside assembly 'Microsoft.TestPlatform.TestHostRuntimeProvider, Version=15.0.0.0, Culture=neutral, PublicKeyToken=b03f5f7f11d50a3a' file path 'C:\Program Files\dotnet\sdk\8.0.200\Extensions\Microsoft.TestPlatform.TestHostRuntimeProvider.dll'
TpTrace Information: 0 : 22284, 1, 2024/03/19, 21:26:44.897, 4512495677339, vstest.console.dll, GetTestExtensionFromType: Register extension with identifier data 'HostProvider://DefaultTestHost' and type 'Microsoft.VisualStudio.TestPlatform.CrossPlatEngine.Hosting.DefaultTestHostManager, Microsoft.TestPlatform.TestHostRuntimeProvider, Version=15.0.0.0, Culture=neutral, PublicKeyToken=b03f5f7f11d50a3a' inside file 'C:\Program Files\dotnet\sdk\8.0.200\Extensions\Microsoft.TestPlatform.TestHostRuntimeProvider.dll'
TpTrace Information: 0 : 22284, 1, 2024/03/19, 21:26:44.897, 4512495679754, vstest.console.dll, GetTestExtensionFromType: Register extension with identifier data 'HostProvider://DotnetTestHost' and type 'Microsoft.VisualStudio.TestPlatform.CrossPlatEngine.Hosting.DotnetTestHostManager, Microsoft.TestPlatform.TestHostRuntimeProvider, Version=15.0.0.0, Culture=neutral, PublicKeyToken=b03f5f7f11d50a3a' inside file 'C:\Program Files\dotnet\sdk\8.0.200\Extensions\Microsoft.TestPlatform.TestHostRuntimeProvider.dll'
TpTrace Information: 0 : 22284, 1, 2024/03/19, 21:26:44.897, 4512495680539, vstest.console.dll, AssemblyResolver.OnResolve: Microsoft.VisualStudio.TestPlatform.Extensions.Html.TestLogger: Resolving assembly.
TpTrace Information: 0 : 22284, 1, 2024/03/19, 21:26:44.897, 4512495681032, vstest.console.dll, AssemblyResolver.OnResolve: Microsoft.VisualStudio.TestPlatform.Extensions.Html.TestLogger: Searching in: 'C:\Program Files\dotnet\sdk\8.0.200\Extensions'.
TpTrace Information: 0 : 22284, 1, 2024/03/19, 21:26:44.898, 4512495684252, vstest.console.dll, AssemblyResolver.OnResolve: Microsoft.VisualStudio.TestPlatform.Extensions.Html.TestLogger: Loading assembly 'C:\Program Files\dotnet\sdk\8.0.200\Extensions\Microsoft.VisualStudio.TestPlatform.Extensions.Html.TestLogger.dll'.
TpTrace Information: 0 : 22284, 1, 2024/03/19, 21:26:44.898, 4512495689839, vstest.console.dll, AssemblyResolver.OnResolve: Resolved assembly: Microsoft.VisualStudio.TestPlatform.Extensions.Html.TestLogger, from path: C:\Program Files\dotnet\sdk\8.0.200\Extensions\Microsoft.VisualStudio.TestPlatform.Extensions.Html.TestLogger.dll
TpTrace Verbose: 0 : 22284, 1, 2024/03/19, 21:26:44.898, 4512495690785, vstest.console.dll, MetadataReaderExtensionsHelper: Discovering extensions inside assembly 'Microsoft.VisualStudio.TestPlatform.Extensions.Html.TestLogger, Version=15.0.0.0, Culture=neutral, PublicKeyToken=b03f5f7f11d50a3a' file path 'C:\Program Files\dotnet\sdk\8.0.200\Extensions\Microsoft.VisualStudio.TestPlatform.Extensions.Html.TestLogger.dll'
TpTrace Information: 0 : 22284, 1, 2024/03/19, 21:26:44.899, 4512495697960, vstest.console.dll, AssemblyResolver.OnResolve: Microsoft.VisualStudio.TestPlatform.Extensions.Trx.TestLogger: Resolving assembly.
TpTrace Information: 0 : 22284, 1, 2024/03/19, 21:26:44.899, 4512495698776, vstest.console.dll, AssemblyResolver.OnResolve: Microsoft.VisualStudio.TestPlatform.Extensions.Trx.TestLogger: Searching in: 'C:\Program Files\dotnet\sdk\8.0.200\Extensions'.
TpTrace Information: 0 : 22284, 1, 2024/03/19, 21:26:44.899, 4512495701462, vstest.console.dll, AssemblyResolver.OnResolve: Microsoft.VisualStudio.TestPlatform.Extensions.Trx.TestLogger: Loading assembly 'C:\Program Files\dotnet\sdk\8.0.200\Extensions\Microsoft.VisualStudio.TestPlatform.Extensions.Trx.TestLogger.dll'.
TpTrace Information: 0 : 22284, 1, 2024/03/19, 21:26:44.900, 4512495707903, vstest.console.dll, AssemblyResolver.OnResolve: Resolved assembly: Microsoft.VisualStudio.TestPlatform.Extensions.Trx.TestLogger, from path: C:\Program Files\dotnet\sdk\8.0.200\Extensions\Microsoft.VisualStudio.TestPlatform.Extensions.Trx.TestLogger.dll
TpTrace Verbose: 0 : 22284, 1, 2024/03/19, 21:26:44.900, 4512495709088, vstest.console.dll, MetadataReaderExtensionsHelper: Discovering extensions inside assembly 'Microsoft.VisualStudio.TestPlatform.Extensions.Trx.TestLogger, Version=15.0.0.0, Culture=neutral, PublicKeyToken=b03f5f7f11d50a3a' file path 'C:\Program Files\dotnet\sdk\8.0.200\Extensions\Microsoft.VisualStudio.TestPlatform.Extensions.Trx.TestLogger.dll'
TpTrace Verbose: 0 : 22284, 1, 2024/03/19, 21:26:44.901, 4512495719470, vstest.console.dll, TestPluginCache: Discovered the extensions using extension path ''.
TpTrace Verbose: 0 : 22284, 1, 2024/03/19, 21:26:44.901, 4512495720673, vstest.console.dll, TestPluginCache: Discoverers are ''.
TpTrace Verbose: 0 : 22284, 1, 2024/03/19, 21:26:44.901, 4512495720930, vstest.console.dll, TestPluginCache: Executors are ''.
TpTrace Verbose: 0 : 22284, 1, 2024/03/19, 21:26:44.901, 4512495721152, vstest.console.dll, TestPluginCache: Executors2 are ''.
TpTrace Verbose: 0 : 22284, 1, 2024/03/19, 21:26:44.901, 4512495721370, vstest.console.dll, TestPluginCache: Setting providers are ''.
TpTrace Verbose: 0 : 22284, 1, 2024/03/19, 21:26:44.902, 4512495721594, vstest.console.dll, TestPluginCache: Loggers are ''.
TpTrace Verbose: 0 : 22284, 1, 2024/03/19, 21:26:44.902, 4512495723354, vstest.console.dll, TestPluginCache: TestHosts are 'HostProvider://DefaultTestHost,HostProvider://DotnetTestHost'.
TpTrace Verbose: 0 : 22284, 1, 2024/03/19, 21:26:44.902, 4512495723833, vstest.console.dll, TestPluginCache: DataCollectors are ''.
TpTrace Information: 0 : 22284, 1, 2024/03/19, 21:26:44.914, 4512495851333, vstest.console.dll, RunTestsArgumentProcessor:Execute: Test run is starting.
TpTrace Verbose: 0 : 22284, 1, 2024/03/19, 21:26:44.915, 4512495852423, vstest.console.dll, RunTestsArgumentProcessor:Execute: Queuing Test run.
TpTrace Information: 0 : 22284, 1, 2024/03/19, 21:26:44.915, 4512495855515, vstest.console.dll, TestRequestManager.RunTests: run tests started.
TpTrace Information: 0 : 22284, 1, 2024/03/19, 21:26:44.916, 4512495867176, vstest.console.dll, AssemblyMetadataProvider.GetFrameworkName: Determined framework:'.NETCoreApp,Version=v8.0' for source: 'C:\Estudos\Udemy\CleanArchMvc\CleanArchMvc.Domain.Tests\bin\Debug\net8.0\fine-code-coverage\build-output\CleanArchMvc.Domain.Tests.dll'
TpTrace Information: 0 : 22284, 1, 2024/03/19, 21:26:44.916, 4512495868793, vstest.console.dll, Determined framework for all sources: .NETCoreApp,Version=v8.0
TpTrace Verbose: 0 : 22284, 1, 2024/03/19, 21:26:44.917, 4512495872429, vstest.console.dll, TestRequestManager.UpdateRunSettingsIfRequired: Default architecture: X64 IsDefaultTargetArchitecture: True, Current process architecture: X64 OperatingSystem: Windows.
TpTrace Information: 0 : 22284, 1, 2024/03/19, 21:26:44.918, 4512495891480, vstest.console.dll, AssemblyMetadataProvider.GetArchitecture: Determined architecture:AnyCPU info for assembly: C:\Estudos\Udemy\CleanArchMvc\CleanArchMvc.Domain.Tests\bin\Debug\net8.0\fine-code-coverage\build-output\CleanArchMvc.Domain.Tests.dll
TpTrace Information: 0 : 22284, 1, 2024/03/19, 21:26:44.919, 4512495893473, vstest.console.dll, Determined platform for source 'C:\Estudos\Udemy\CleanArchMvc\CleanArchMvc.Domain.Tests\bin\Debug\net8.0\fine-code-coverage\build-output\CleanArchMvc.Domain.Tests.dll' was AnyCPU and it will use the default plaform X64.
TpTrace Information: 0 : 22284, 1, 2024/03/19, 21:26:44.919, 4512495894039, vstest.console.dll, None of the sources provided any runnable platform, using the default platform: X64
TpTrace Information: 0 : 22284, 1, 2024/03/19, 21:26:44.919, 4512495895479, vstest.console.dll, Platform was updated to 'X64'.
TpTrace Information: 0 : 22284, 1, 2024/03/19, 21:26:44.922, 4512495930180, vstest.console.dll, InferRunSettingsHelper.IsTestSettingsEnabled: Unable to navigate to RunSettings/MSTest. Current node: RunSettings
TpTrace Information: 0 : 22284, 1, 2024/03/19, 21:26:44.923, 4512495936766, vstest.console.dll, AssemblyResolver.OnResolve: Microsoft.VisualStudio.TestPlatform.Fakes: Resolving assembly.
TpTrace Information: 0 : 22284, 1, 2024/03/19, 21:26:44.923, 4512495937558, vstest.console.dll, AssemblyResolver.OnResolve: Microsoft.VisualStudio.TestPlatform.Fakes: Searching in: 'C:\Program Files\dotnet\sdk\8.0.200\Extensions'.
TpTrace Information: 0 : 22284, 1, 2024/03/19, 21:26:44.923, 4512495938618, vstest.console.dll, AssemblyResolver.OnResolve: Microsoft.VisualStudio.TestPlatform.Fakes: Assembly path does not exist: 'C:\Program Files\dotnet\sdk\8.0.200\Extensions\Microsoft.VisualStudio.TestPlatform.Fakes.dll', returning.
TpTrace Information: 0 : 22284, 1, 2024/03/19, 21:26:44.923, 4512495939097, vstest.console.dll, AssemblyResolver.OnResolve: Microsoft.VisualStudio.TestPlatform.Fakes: Assembly path does not exist: 'C:\Program Files\dotnet\sdk\8.0.200\Extensions\Microsoft.VisualStudio.TestPlatform.Fakes.exe', returning.
TpTrace Information: 0 : 22284, 1, 2024/03/19, 21:26:44.923, 4512495939346, vstest.console.dll, AssemblyResolver.OnResolve: Microsoft.VisualStudio.TestPlatform.Fakes: Searching in: 'C:\Program Files\dotnet\sdk\8.0.200'.
TpTrace Information: 0 : 22284, 1, 2024/03/19, 21:26:44.923, 4512495939961, vstest.console.dll, AssemblyResolver.OnResolve: Microsoft.VisualStudio.TestPlatform.Fakes: Assembly path does not exist: 'C:\Program Files\dotnet\sdk\8.0.200\Microsoft.VisualStudio.TestPlatform.Fakes.dll', returning.
TpTrace Information: 0 : 22284, 1, 2024/03/19, 21:26:44.923, 4512495940390, vstest.console.dll, AssemblyResolver.OnResolve: Microsoft.VisualStudio.TestPlatform.Fakes: Assembly path does not exist: 'C:\Program Files\dotnet\sdk\8.0.200\Microsoft.VisualStudio.TestPlatform.Fakes.exe', returning.
TpTrace Information: 0 : 22284, 1, 2024/03/19, 21:26:44.923, 4512495940634, vstest.console.dll, AssemblyResolver.OnResolve: Microsoft.VisualStudio.TestPlatform.Fakes: Failed to load assembly.
TpTrace Information: 0 : 22284, 1, 2024/03/19, 21:26:44.924, 4512495942999, vstest.console.dll, Failed to load assembly Microsoft.VisualStudio.TestPlatform.Fakes, Version=17.0.0.0, Culture=neutral. Reason:System.IO.FileNotFoundException: Could not load file or assembly 'Microsoft.VisualStudio.TestPlatform.Fakes, Version=17.0.0.0, Culture=neutral, PublicKeyToken=null'. O sistema não pode encontrar o arquivo especificado.
File name: 'Microsoft.VisualStudio.TestPlatform.Fakes, Version=17.0.0.0, Culture=neutral, PublicKeyToken=null'
   at System.Reflection.RuntimeAssembly.InternalLoad(AssemblyName assemblyName, StackCrawlMark& stackMark, AssemblyLoadContext assemblyLoadContext, RuntimeAssembly requestingAssembly, Boolean throwOnFileNotFound)
   at System.Reflection.Assembly.Load(AssemblyName assemblyRef)
   at Microsoft.VisualStudio.TestPlatform.Common.Utilities.FakesUtilities.LoadTestPlatformAssembly() in /_/src/Microsoft.TestPlatform.Common/Utilities/FakesUtilities.cs:line 272
TpTrace Verbose: 0 : 22284, 1, 2024/03/19, 21:26:44.926, 4512495969671, vstest.console.dll, TestPluginCache.DiscoverTestExtensions: finding test extensions in assemblies ends with: TestLogger.dll TPluginInfo: Microsoft.VisualStudio.TestPlatform.Common.ExtensionFramework.Utilities.TestLoggerPluginInformation TExtension: Microsoft.VisualStudio.TestPlatform.ObjectModel.Client.ITestLogger
TpTrace Verbose: 0 : 22284, 1, 2024/03/19, 21:26:44.926, 4512495970535, vstest.console.dll, TestPluginCache.GetExtensionPaths: Filtered extension paths: 
TpTrace Verbose: 0 : 22284, 1, 2024/03/19, 21:26:44.926, 4512495970801, vstest.console.dll, TestPluginCache.GetExtensionPaths: Added default extension paths: C:\Program Files\dotnet\sdk\8.0.200\Extensions\Microsoft.Diagnostics.NETCore.Client.dll
C:\Program Files\dotnet\sdk\8.0.200\Extensions\Microsoft.TestPlatform.Extensions.BlameDataCollector.dll
C:\Program Files\dotnet\sdk\8.0.200\Extensions\Microsoft.TestPlatform.Extensions.EventLogCollector.dll
C:\Program Files\dotnet\sdk\8.0.200\Extensions\Microsoft.TestPlatform.TestHostRuntimeProvider.dll
C:\Program Files\dotnet\sdk\8.0.200\Extensions\Microsoft.VisualStudio.TestPlatform.Extensions.Html.TestLogger.dll
C:\Program Files\dotnet\sdk\8.0.200\Extensions\Microsoft.VisualStudio.TestPlatform.Extensions.Trx.TestLogger.dll
TpTrace Verbose: 0 : 22284, 1, 2024/03/19, 21:26:44.926, 4512495971031, vstest.console.dll, TestPluginCache.GetExtensionPaths: Added unfilterableExtensionPaths: 
TpTrace Information: 0 : 22284, 1, 2024/03/19, 21:26:44.927, 4512495972122, vstest.console.dll, AssemblyResolver.AddSearchDirectories: Adding more searchDirectories C:\Program Files\dotnet\sdk\8.0.200\Extensions,C:\Program Files\dotnet\sdk\8.0.200
TpTrace Verbose: 0 : 22284, 1, 2024/03/19, 21:26:44.927, 4512495972636, vstest.console.dll, TestPluginCache.DiscoverTestExtensions: Discovering the extensions using extension path.
TpTrace Verbose: 0 : 22284, 1, 2024/03/19, 21:26:44.927, 4512495973040, vstest.console.dll, TestPluginCache.GetExtensionPaths: Filtered extension paths: 
TpTrace Verbose: 0 : 22284, 1, 2024/03/19, 21:26:44.927, 4512495973388, vstest.console.dll, TestPluginCache.GetExtensionPaths: Added default extension paths: C:\Program Files\dotnet\sdk\8.0.200\Extensions\Microsoft.Diagnostics.NETCore.Client.dll
C:\Program Files\dotnet\sdk\8.0.200\Extensions\Microsoft.TestPlatform.Extensions.BlameDataCollector.dll
C:\Program Files\dotnet\sdk\8.0.200\Extensions\Microsoft.TestPlatform.Extensions.EventLogCollector.dll
C:\Program Files\dotnet\sdk\8.0.200\Extensions\Microsoft.TestPlatform.TestHostRuntimeProvider.dll
C:\Program Files\dotnet\sdk\8.0.200\Extensions\Microsoft.VisualStudio.TestPlatform.Extensions.Html.TestLogger.dll
C:\Program Files\dotnet\sdk\8.0.200\Extensions\Microsoft.VisualStudio.TestPlatform.Extensions.Trx.TestLogger.dll
TpTrace Verbose: 0 : 22284, 1, 2024/03/19, 21:26:44.927, 4512495973701, vstest.console.dll, TestPluginCache.GetExtensionPaths: Added unfilterableExtensionPaths: 
TpTrace Verbose: 0 : 22284, 1, 2024/03/19, 21:26:44.927, 4512495974006, vstest.console.dll, TestPluginCache.DiscoverTestExtensions: Discovering the extensions using allExtensionPaths: C:\Program Files\dotnet\sdk\8.0.200\Extensions\Microsoft.Diagnostics.NETCore.Client.dll
C:\Program Files\dotnet\sdk\8.0.200\Extensions\Microsoft.TestPlatform.Extensions.BlameDataCollector.dll
C:\Program Files\dotnet\sdk\8.0.200\Extensions\Microsoft.TestPlatform.Extensions.EventLogCollector.dll
C:\Program Files\dotnet\sdk\8.0.200\Extensions\Microsoft.TestPlatform.TestHostRuntimeProvider.dll
C:\Program Files\dotnet\sdk\8.0.200\Extensions\Microsoft.VisualStudio.TestPlatform.Extensions.Html.TestLogger.dll
C:\Program Files\dotnet\sdk\8.0.200\Extensions\Microsoft.VisualStudio.TestPlatform.Extensions.Trx.TestLogger.dll
TpTrace Information: 0 : 22284, 1, 2024/03/19, 21:26:44.927, 4512495974425, vstest.console.dll, AssemblyResolver.AddSearchDirectories: Adding more searchDirectories C:\Program Files\dotnet\sdk\8.0.200\Extensions,C:\Program Files\dotnet\sdk\8.0.200
TpTrace Information: 0 : 22284, 1, 2024/03/19, 21:26:44.927, 4512495974748, vstest.console.dll, AssemblyResolver.AddSearchDirectories: Adding more searchDirectories C:\Program Files\dotnet\sdk\8.0.200\Extensions,C:\Program Files\dotnet\sdk\8.0.200
TpTrace Information: 0 : 22284, 1, 2024/03/19, 21:26:44.927, 4512495975000, vstest.console.dll, AssemblyResolver.AddSearchDirectories: Adding more searchDirectories C:\Program Files\dotnet\sdk\8.0.200\Extensions,C:\Program Files\dotnet\sdk\8.0.200
TpTrace Information: 0 : 22284, 1, 2024/03/19, 21:26:44.927, 4512495975242, vstest.console.dll, AssemblyResolver.AddSearchDirectories: Adding more searchDirectories C:\Program Files\dotnet\sdk\8.0.200\Extensions,C:\Program Files\dotnet\sdk\8.0.200
TpTrace Information: 0 : 22284, 1, 2024/03/19, 21:26:44.927, 4512495975486, vstest.console.dll, AssemblyResolver.AddSearchDirectories: Adding more searchDirectories C:\Program Files\dotnet\sdk\8.0.200\Extensions,C:\Program Files\dotnet\sdk\8.0.200
TpTrace Information: 0 : 22284, 1, 2024/03/19, 21:26:44.927, 4512495975780, vstest.console.dll, AssemblyResolver.AddSearchDirectories: Adding more searchDirectories C:\Program Files\dotnet\sdk\8.0.200\Extensions,C:\Program Files\dotnet\sdk\8.0.200
TpTrace Verbose: 0 : 22284, 1, 2024/03/19, 21:26:44.927, 4512495976969, vstest.console.dll, MetadataReaderExtensionsHelper: Discovering extensions inside assembly 'Microsoft.Diagnostics.NETCore.Client, Version=0.2.9.2401, Culture=neutral, PublicKeyToken=31bf3856ad364e35' file path 'C:\Program Files\dotnet\sdk\8.0.200\Extensions\Microsoft.Diagnostics.NETCore.Client.dll'
TpTrace Information: 0 : 22284, 1, 2024/03/19, 21:26:44.928, 4512495983548, vstest.console.dll, AssemblyResolver.OnResolve: Microsoft.Bcl.AsyncInterfaces: Resolving assembly.
TpTrace Information: 0 : 22284, 1, 2024/03/19, 21:26:44.928, 4512495984115, vstest.console.dll, AssemblyResolver.OnResolve: Microsoft.Bcl.AsyncInterfaces: Resolved from cache.
TpTrace Verbose: 0 : 22284, 1, 2024/03/19, 21:26:44.928, 4512495984369, vstest.console.dll, CurrentDomainAssemblyResolve: Resolving assembly 'Microsoft.Bcl.AsyncInterfaces'.
TpTrace Information: 0 : 22284, 1, 2024/03/19, 21:26:44.928, 4512495984798, vstest.console.dll, AssemblyResolver.OnResolve: Microsoft.Bcl.AsyncInterfaces: Resolving assembly.
TpTrace Information: 0 : 22284, 1, 2024/03/19, 21:26:44.928, 4512495985045, vstest.console.dll, AssemblyResolver.OnResolve: Microsoft.Bcl.AsyncInterfaces: Resolved from cache.
TpTrace Verbose: 0 : 22284, 1, 2024/03/19, 21:26:44.928, 4512495985272, vstest.console.dll, CurrentDomainAssemblyResolve: Resolving assembly 'Microsoft.Bcl.AsyncInterfaces'.
TpTrace Verbose: 0 : 22284, 1, 2024/03/19, 21:26:44.928, 4512495985496, vstest.console.dll, CurrentDomainAssemblyResolve: Failed to resolve assembly 'Microsoft.Bcl.AsyncInterfaces'.
TpTrace Verbose: 0 : 22284, 1, 2024/03/19, 21:26:44.928, 4512495986978, vstest.console.dll, CurrentDomainAssemblyResolve: Failed to resolve assembly 'Microsoft.Bcl.AsyncInterfaces'.
TpTrace Warning: 0 : 22284, 1, 2024/03/19, 21:26:44.928, 4512495989954, vstest.console.dll, TestPluginDiscoverer: Failed to get types from assembly 'Microsoft.Diagnostics.NETCore.Client, Version=0.2.9.2401, Culture=neutral, PublicKeyToken=31bf3856ad364e35'. Error: System.Reflection.ReflectionTypeLoadException: Unable to load one or more of the requested types.
Could not load file or assembly 'Microsoft.Bcl.AsyncInterfaces, Version=6.0.0.0, Culture=neutral, PublicKeyToken=cc7b13ffcd2ddd51'. O sistema não pode encontrar o arquivo especificado.
   at System.Reflection.RuntimeModule.GetTypes(RuntimeModule module)
   at System.Reflection.RuntimeModule.GetTypes()
   at Microsoft.VisualStudio.TestPlatform.Common.ExtensionFramework.TestPluginDiscoverer.GetTestExtensionsFromAssembly[TPluginInfo,TExtension](Assembly assembly, Dictionary`2 pluginInfos, String filePath) in /_/src/Microsoft.TestPlatform.Common/ExtensionFramework/TestPluginDiscoverer.cs:line 158
System.IO.FileNotFoundException: Could not load file or assembly 'Microsoft.Bcl.AsyncInterfaces, Version=6.0.0.0, Culture=neutral, PublicKeyToken=cc7b13ffcd2ddd51'. O sistema não pode encontrar o arquivo especificado.
File name: 'Microsoft.Bcl.AsyncInterfaces, Version=6.0.0.0, Culture=neutral, PublicKeyToken=cc7b13ffcd2ddd51'
 ---> System.IO.FileNotFoundException: Could not load file or assembly 'Microsoft.Bcl.AsyncInterfaces, Culture=neutral, PublicKeyToken=null'. O sistema não pode encontrar o arquivo especificado.
File name: 'Microsoft.Bcl.AsyncInterfaces, Culture=neutral, PublicKeyToken=null'
   at System.Reflection.RuntimeAssembly.InternalLoad(AssemblyName assemblyName, StackCrawlMark& stackMark, AssemblyLoadContext assemblyLoadContext, RuntimeAssembly requestingAssembly, Boolean throwOnFileNotFound)
   at System.Reflection.Assembly.Load(AssemblyName assemblyRef)
   at Microsoft.VisualStudio.TestPlatform.Common.ExtensionFramework.TestPluginCache.CurrentDomainAssemblyResolve(Object sender, AssemblyResolveEventArgs args) in /_/src/Microsoft.TestPlatform.Common/ExtensionFramework/TestPluginCache.cs:line 513
   at System.Runtime.Loader.AssemblyLoadContext.GetFirstResolvedAssemblyFromResolvingEvent(AssemblyName assemblyName)
   at System.Runtime.Loader.AssemblyLoadContext.ResolveUsingEvent(AssemblyName assemblyName)
   at System.Runtime.Loader.AssemblyLoadContext.ResolveUsingResolvingEvent(IntPtr gchManagedAssemblyLoadContext, AssemblyName assemblyName)
TpTrace Warning: 0 : 22284, 1, 2024/03/19, 21:26:44.928, 4512495991316, vstest.console.dll, LoaderExceptions: System.IO.FileNotFoundException: Could not load file or assembly 'Microsoft.Bcl.AsyncInterfaces, Version=6.0.0.0, Culture=neutral, PublicKeyToken=cc7b13ffcd2ddd51'. O sistema não pode encontrar o arquivo especificado.
File name: 'Microsoft.Bcl.AsyncInterfaces, Version=6.0.0.0, Culture=neutral, PublicKeyToken=cc7b13ffcd2ddd51'
 ---> System.IO.FileNotFoundException: Could not load file or assembly 'Microsoft.Bcl.AsyncInterfaces, Culture=neutral, PublicKeyToken=null'. O sistema não pode encontrar o arquivo especificado.
File name: 'Microsoft.Bcl.AsyncInterfaces, Culture=neutral, PublicKeyToken=null'
   at System.Reflection.RuntimeAssembly.InternalLoad(AssemblyName assemblyName, StackCrawlMark& stackMark, AssemblyLoadContext assemblyLoadContext, RuntimeAssembly requestingAssembly, Boolean throwOnFileNotFound)
   at System.Reflection.Assembly.Load(AssemblyName assemblyRef)
   at Microsoft.VisualStudio.TestPlatform.Common.ExtensionFramework.TestPluginCache.CurrentDomainAssemblyResolve(Object sender, AssemblyResolveEventArgs args) in /_/src/Microsoft.TestPlatform.Common/ExtensionFramework/TestPluginCache.cs:line 513
   at System.Runtime.Loader.AssemblyLoadContext.GetFirstResolvedAssemblyFromResolvingEvent(AssemblyName assemblyName)
   at System.Runtime.Loader.AssemblyLoadContext.ResolveUsingEvent(AssemblyName assemblyName)
   at System.Runtime.Loader.AssemblyLoadContext.ResolveUsingResolvingEvent(IntPtr gchManagedAssemblyLoadContext, AssemblyName assemblyName)
TpTrace Verbose: 0 : 22284, 1, 2024/03/19, 21:26:44.929, 4512495992166, vstest.console.dll, MetadataReaderExtensionsHelper: Discovering extensions inside assembly 'Microsoft.TestPlatform.Extensions.BlameDataCollector, Version=15.0.0.0, Culture=neutral, PublicKeyToken=b03f5f7f11d50a3a' file path 'C:\Program Files\dotnet\sdk\8.0.200\Extensions\Microsoft.TestPlatform.Extensions.BlameDataCollector.dll'
TpTrace Information: 0 : 22284, 1, 2024/03/19, 21:26:44.929, 4512495996409, vstest.console.dll, GetTestExtensionFromType: Register extension with identifier data 'logger://Microsoft/TestPlatform/Extensions/Blame/v1' and type 'Microsoft.TestPlatform.Extensions.BlameDataCollector.BlameLogger, Microsoft.TestPlatform.Extensions.BlameDataCollector, Version=15.0.0.0, Culture=neutral, PublicKeyToken=b03f5f7f11d50a3a' inside file 'C:\Program Files\dotnet\sdk\8.0.200\Extensions\Microsoft.TestPlatform.Extensions.BlameDataCollector.dll'
TpTrace Verbose: 0 : 22284, 1, 2024/03/19, 21:26:44.929, 4512495997035, vstest.console.dll, MetadataReaderExtensionsHelper: Discovering extensions inside assembly 'Microsoft.TestPlatform.Extensions.EventLogCollector, Version=15.0.0.0, Culture=neutral, PublicKeyToken=b03f5f7f11d50a3a' file path 'C:\Program Files\dotnet\sdk\8.0.200\Extensions\Microsoft.TestPlatform.Extensions.EventLogCollector.dll'
TpTrace Verbose: 0 : 22284, 1, 2024/03/19, 21:26:44.929, 4512495999238, vstest.console.dll, MetadataReaderExtensionsHelper: Discovering extensions inside assembly 'Microsoft.TestPlatform.TestHostRuntimeProvider, Version=15.0.0.0, Culture=neutral, PublicKeyToken=b03f5f7f11d50a3a' file path 'C:\Program Files\dotnet\sdk\8.0.200\Extensions\Microsoft.TestPlatform.TestHostRuntimeProvider.dll'
TpTrace Verbose: 0 : 22284, 1, 2024/03/19, 21:26:44.929, 4512496001347, vstest.console.dll, MetadataReaderExtensionsHelper: Discovering extensions inside assembly 'Microsoft.VisualStudio.TestPlatform.Extensions.Html.TestLogger, Version=15.0.0.0, Culture=neutral, PublicKeyToken=b03f5f7f11d50a3a' file path 'C:\Program Files\dotnet\sdk\8.0.200\Extensions\Microsoft.VisualStudio.TestPlatform.Extensions.Html.TestLogger.dll'
TpTrace Information: 0 : 22284, 1, 2024/03/19, 21:26:44.930, 4512496005272, vstest.console.dll, GetTestExtensionFromType: Register extension with identifier data 'logger://Microsoft/TestPlatform/HtmlLogger/v1' and type 'Microsoft.VisualStudio.TestPlatform.Extensions.HtmlLogger.HtmlLogger, Microsoft.VisualStudio.TestPlatform.Extensions.Html.TestLogger, Version=15.0.0.0, Culture=neutral, PublicKeyToken=b03f5f7f11d50a3a' inside file 'C:\Program Files\dotnet\sdk\8.0.200\Extensions\Microsoft.VisualStudio.TestPlatform.Extensions.Html.TestLogger.dll'
TpTrace Verbose: 0 : 22284, 1, 2024/03/19, 21:26:44.930, 4512496005788, vstest.console.dll, MetadataReaderExtensionsHelper: Discovering extensions inside assembly 'Microsoft.VisualStudio.TestPlatform.Extensions.Trx.TestLogger, Version=15.0.0.0, Culture=neutral, PublicKeyToken=b03f5f7f11d50a3a' file path 'C:\Program Files\dotnet\sdk\8.0.200\Extensions\Microsoft.VisualStudio.TestPlatform.Extensions.Trx.TestLogger.dll'
TpTrace Information: 0 : 22284, 1, 2024/03/19, 21:26:44.930, 4512496008097, vstest.console.dll, GetTestExtensionFromType: Register extension with identifier data 'logger://Microsoft/TestPlatform/TrxLogger/v1' and type 'Microsoft.VisualStudio.TestPlatform.Extensions.TrxLogger.TrxLogger, Microsoft.VisualStudio.TestPlatform.Extensions.Trx.TestLogger, Version=15.0.0.0, Culture=neutral, PublicKeyToken=b03f5f7f11d50a3a' inside file 'C:\Program Files\dotnet\sdk\8.0.200\Extensions\Microsoft.VisualStudio.TestPlatform.Extensions.Trx.TestLogger.dll'
TpTrace Verbose: 0 : 22284, 1, 2024/03/19, 21:26:44.930, 4512496008602, vstest.console.dll, TestPluginCache: Discovered the extensions using extension path ''.
TpTrace Verbose: 0 : 22284, 1, 2024/03/19, 21:26:44.930, 4512496008877, vstest.console.dll, TestPluginCache: Discoverers are ''.
TpTrace Verbose: 0 : 22284, 1, 2024/03/19, 21:26:44.930, 4512496009080, vstest.console.dll, TestPluginCache: Executors are ''.
TpTrace Verbose: 0 : 22284, 1, 2024/03/19, 21:26:44.930, 4512496009278, vstest.console.dll, TestPluginCache: Executors2 are ''.
TpTrace Verbose: 0 : 22284, 1, 2024/03/19, 21:26:44.930, 4512496009526, vstest.console.dll, TestPluginCache: Setting providers are ''.
TpTrace Verbose: 0 : 22284, 1, 2024/03/19, 21:26:44.930, 4512496010047, vstest.console.dll, TestPluginCache: Loggers are 'logger://Microsoft/TestPlatform/Extensions/Blame/v1,logger://Microsoft/TestPlatform/HtmlLogger/v1,logger://Microsoft/TestPlatform/TrxLogger/v1'.
TpTrace Verbose: 0 : 22284, 1, 2024/03/19, 21:26:44.930, 4512496010353, vstest.console.dll, TestPluginCache: TestHosts are 'HostProvider://DefaultTestHost,HostProvider://DotnetTestHost'.
TpTrace Verbose: 0 : 22284, 1, 2024/03/19, 21:26:44.930, 4512496010608, vstest.console.dll, TestPluginCache: DataCollectors are ''.
TpTrace Information: 0 : 22284, 1, 2024/03/19, 21:26:44.931, 4512496017416, vstest.console.dll, TestPluginManager.CreateTestExtension: Attempting to load test extension: Microsoft.TestPlatform.Extensions.BlameDataCollector.BlameLogger
TpTrace Verbose: 0 : 22284, 1, 2024/03/19, 21:26:44.936, 4512496068050, vstest.console.dll, TestEngine: Initializing Parallel Execution as MaxCpuCount is set to: 1
TpTrace Information: 0 : 22284, 1, 2024/03/19, 21:26:44.937, 4512496079260, vstest.console.dll, TestPluginManager.CreateTestExtension: Attempting to load test extension: Microsoft.VisualStudio.TestPlatform.CrossPlatEngine.Hosting.DefaultTestHostManager
TpTrace Information: 0 : 22284, 1, 2024/03/19, 21:26:44.938, 4512496087025, vstest.console.dll, TestPluginManager.CreateTestExtension: Attempting to load test extension: Microsoft.VisualStudio.TestPlatform.CrossPlatEngine.Hosting.DotnetTestHostManager
TpTrace Information: 0 : 22284, 1, 2024/03/19, 21:26:44.938, 4512496091256, vstest.console.dll, InferRunSettingsHelper.IsTestSettingsEnabled: Unable to navigate to RunSettings/MSTest. Current node: RunSettings
TpTrace Verbose: 0 : 22284, 1, 2024/03/19, 21:26:44.939, 4512496098879, vstest.console.dll, ParallelOperationManager.ClearSlots: Clearing all slots. Slots should accept more work: True
TpTrace Verbose: 0 : 22284, 1, 2024/03/19, 21:26:44.940, 4512496103451, vstest.console.dll, ParallelOperationManager.SetOccupiedSlotCount: Setting slot counts AvailableSlotCount = 3, OccupiedSlotCount = 0.
TpTrace Verbose: 0 : 22284, 1, 2024/03/19, 21:26:44.940, 4512496105528, vstest.console.dll, Occupied slots:

TpTrace Verbose: 0 : 22284, 1, 2024/03/19, 21:26:44.942, 4512496127792, vstest.console.dll, TestEngine.GetExecutionManager: Chosen execution manager 'Microsoft.VisualStudio.TestPlatform.CrossPlatEngine.Client.Parallel.ParallelProxyExecutionManager, Microsoft.TestPlatform.CrossPlatEngine, Version=15.0.0.0, Culture=neutral, PublicKeyToken=b03f5f7f11d50a3a' ParallelLevel '1'.
TpTrace Verbose: 0 : 22284, 1, 2024/03/19, 21:26:44.942, 4512496128717, vstest.console.dll, TestRunRequest.ExecuteAsync: Creating test run request.
TpTrace Verbose: 0 : 22284, 1, 2024/03/19, 21:26:44.942, 4512496130204, vstest.console.dll, TestRunRequest.ExecuteAsync: Starting.
TpTrace Information: 0 : 22284, 1, 2024/03/19, 21:26:44.943, 4512496138620, vstest.console.dll, TestRunRequest.ExecuteAsync: Starting run with settings:TestRunCriteria:
   KeepAlive=False,FrequencyOfRunStatsChangeEvent=10,RunStatsChangeEventTimeout=00:00:01.5000000,TestCaseFilter=,TestExecutorLauncher=
   Settingsxml=<RunSettings>
  <RunConfiguration>
    <ResultsDirectory>C:\Estudos\Udemy\CleanArchMvc\CleanArchMvc.Domain.Tests\bin\Debug\net8.0\fine-code-coverage\coverage-tool-output</ResultsDirectory>
    <TargetPlatform>X64</TargetPlatform>
    <TargetFrameworkVersion>.NETCoreApp,Version=v8.0</TargetFrameworkVersion>
    <DesignMode>False</DesignMode>
    <CollectSourceInformation>False</CollectSourceInformation>
  </RunConfiguration>
  <LoggerRunSettings>
    <Loggers>
      <Logger friendlyName="blame" enabled="True" />
      <Logger friendlyName="Console" uri="logger://microsoft/TestPlatform/ConsoleLogger/v1" assemblyQualifiedName="Microsoft.VisualStudio.TestPlatform.CommandLine.Internal.ConsoleLogger, vstest.console, Version=15.0.0.0, Culture=neutral, PublicKeyToken=b03f5f7f11d50a3a" codeBase="C:\Program Files\dotnet\sdk\8.0.200\vstest.console.dll" enabled="True" />
    </Loggers>
  </LoggerRunSettings>
  <DataCollectionRunSettings>
    <DataCollectors>
      <DataCollector friendlyName="blame" enabled="True">
        <Configuration>
          <ResultsDirectory>C:\Estudos\Udemy\CleanArchMvc\CleanArchMvc.Domain.Tests\bin\Debug\net8.0\fine-code-coverage\coverage-tool-output</ResultsDirectory>
        </Configuration>
      </DataCollector>
    </DataCollectors>
  </DataCollectionRunSettings>
</RunSettings>

TpTrace Verbose: 0 : 22284, 1, 2024/03/19, 21:26:44.943, 4512496139159, vstest.console.dll, TestRunRequest.ExecuteAsync: Wait for the first run request is over.
TpTrace Verbose: 0 : 22284, 1, 2024/03/19, 21:26:44.943, 4512496141075, vstest.console.dll, MulticastDelegateUtilities.SafeInvoke: TestRun.TestRunStart: Invoking callbacks was skipped because there are no subscribers.
TpTrace Verbose: 0 : 22284, 4, 2024/03/19, 21:26:44.944, 4512496143827, vstest.console.dll, MulticastDelegateUtilities.SafeInvoke: InternalTestLoggerEvents.SendTestRunStart: Invoking callback 1/1 for Microsoft.VisualStudio.TestPlatform.CommandLine.Internal.ConsoleLogger., took 0 ms.
TpTrace Verbose: 0 : 22284, 1, 2024/03/19, 21:26:44.944, 4512496148727, vstest.console.dll, ParallelProxyExecutionManager: Start execution. Total sources: 1
TpTrace Verbose: 0 : 22284, 1, 2024/03/19, 21:26:44.944, 4512496150934, vstest.console.dll, ParallelOperationManager.StartWork: Starting adding 1 workloads.
TpTrace Verbose: 0 : 22284, 1, 2024/03/19, 21:26:44.944, 4512496151404, vstest.console.dll, ParallelOperationManager.ClearSlots: Clearing all slots. Slots should accept more work: True
TpTrace Verbose: 0 : 22284, 1, 2024/03/19, 21:26:44.945, 4512496151907, vstest.console.dll, ParallelOperationManager.SetOccupiedSlotCount: Setting slot counts AvailableSlotCount = 3, OccupiedSlotCount = 0.
TpTrace Verbose: 0 : 22284, 1, 2024/03/19, 21:26:44.945, 4512496152192, vstest.console.dll, Occupied slots:

TpTrace Verbose: 0 : 22284, 1, 2024/03/19, 21:26:44.946, 4512496163251, vstest.console.dll, TestRequestSender is acting as server.
TpTrace Verbose: 0 : 22284, 1, 2024/03/19, 21:26:44.947, 4512496176423, vstest.console.dll, ParallelOperationManager.RunWorkInParallel: Adding 1 workload to slot, remaining workloads 0.
TpTrace Verbose: 0 : 22284, 1, 2024/03/19, 21:26:44.947, 4512496177067, vstest.console.dll, ParallelOperationManager.SetOccupiedSlotCount: Setting slot counts AvailableSlotCount = 2, OccupiedSlotCount = 1.
TpTrace Verbose: 0 : 22284, 1, 2024/03/19, 21:26:44.947, 4512496178308, vstest.console.dll, Occupied slots:
0: C:\Estudos\Udemy\CleanArchMvc\CleanArchMvc.Domain.Tests\bin\Debug\net8.0\fine-code-coverage\build-output\CleanArchMvc.Domain.Tests.dll
TpTrace Verbose: 0 : 22284, 1, 2024/03/19, 21:26:44.948, 4512496186716, vstest.console.dll, ParallelOperationManager.RunWorkInParallel: Started host in slot number 0 for work (source): C:\Estudos\Udemy\CleanArchMvc\CleanArchMvc.Domain.Tests\bin\Debug\net8.0\fine-code-coverage\build-output\CleanArchMvc.Domain.Tests.dll.
TpTrace Verbose: 0 : 22284, 1, 2024/03/19, 21:26:44.949, 4512496198099, vstest.console.dll, ParallelOperationManager.RunWorkInParallel: We started 1 work items, which is the max parallel level. Won't start more work.
TpTrace Verbose: 0 : 22284, 1, 2024/03/19, 21:26:44.949, 4512496198754, vstest.console.dll, ParallelOperationManager.RunWorkInParallel: We started 1 work items in here, returning True.
TpTrace Verbose: 0 : 22284, 5, 2024/03/19, 21:26:44.949, 4512496198626, vstest.console.dll, ParallelProxyExecutionManager.StartTestRunOnConcurrentManager: Initializing uninitialized client. Started clients: 0
TpTrace Information: 0 : 22284, 1, 2024/03/19, 21:26:44.949, 4512496199168, vstest.console.dll, TestRunRequest.ExecuteAsync: Started.
TpTrace Verbose: 0 : 22284, 5, 2024/03/19, 21:26:44.949, 4512496200644, vstest.console.dll, DataCollectionRequestSender.InitializeCommunication : Initialize communication. 
TpTrace Verbose: 0 : 22284, 1, 2024/03/19, 21:26:44.950, 4512496203970, vstest.console.dll, TestRunRequest.WaitForCompletion: Waiting with timeout -1.
TpTrace Information: 0 : 22284, 5, 2024/03/19, 21:26:44.956, 4512496264247, vstest.console.dll, Listening on Endpoint : 127.0.0.1:54620
TpTrace Verbose: 0 : 22284, 5, 2024/03/19, 21:26:44.961, 4512496312998, vstest.console.dll, DotnetDataCollectionLauncher: Adding  --runtimeconfig "C:\Program Files\dotnet\sdk\8.0.200\datacollector.runtimeconfig.json" in args
TpTrace Verbose: 0 : 22284, 5, 2024/03/19, 21:26:44.961, 4512496314243, vstest.console.dll, DotnetDataCollectionLauncher: Adding  --depsfile "C:\Program Files\dotnet\sdk\8.0.200\datacollector.deps.json" in args
TpTrace Verbose: 0 : 22284, 5, 2024/03/19, 21:26:44.961, 4512496319368, vstest.console.dll, DotnetDataCollectionLauncher: Full path of dotnet.exe is C:\Program Files\dotnet\dotnet.exe
TpTrace Information: 0 : 22284, 5, 2024/03/19, 21:26:44.970, 4512496403740, vstest.console.dll, ProxyDataCollectionManager.Initialize: Launched datacollector processId: 33220 port: 54620
TpTrace Information: 0 : 22284, 5, 2024/03/19, 21:26:44.970, 4512496405615, vstest.console.dll, ProxyDataCollectionManager.Initialize: waiting for connection with timeout: 90 seconds
TpTrace Verbose: 0 : 22284, 5, 2024/03/19, 21:26:44.970, 4512496406319, vstest.console.dll, DataCollectionRequestSender.WaitForRequestHandlerConnection : Waiting for connection with timeout: 90000
TpTrace Information: 0 : 22284, 7, 2024/03/19, 21:26:45.153, 4512498239687, vstest.console.dll, Using the buffer size of 16384 bytes
TpTrace Verbose: 0 : 22284, 5, 2024/03/19, 21:26:45.153, 4512498239989, vstest.console.dll, SocketCommunicationManager.WaitForClientConnection took: 183 ms, with 90000 ms timeout, and finished with True.
TpTrace Information: 0 : 22284, 7, 2024/03/19, 21:26:45.153, 4512498241167, vstest.console.dll, Accepted Client request and set the flag
TpTrace Verbose: 0 : 22284, 5, 2024/03/19, 21:26:45.154, 4512498242546, vstest.console.dll, ProxyDataCollectionManager.InvokeDataCollectionServiceAction: Starting.
TpTrace Information: 0 : 22284, 5, 2024/03/19, 21:26:45.154, 4512498243468, vstest.console.dll, ProxyDataCollectionManager.BeforeTestRunStart: Get environment variable and port for datacollector processId: 33220 port: 54620
TpTrace Verbose: 0 : 22284, 5, 2024/03/19, 21:26:45.154, 4512498244674, vstest.console.dll, DataCollectionRequestSender.SendBeforeTestRunStartAndGetResult: Send BeforeTestRunStart message with settingsXml <RunSettings><RunConfiguration><ResultsDirectory>C:\Estudos\Udemy\CleanArchMvc\CleanArchMvc.Domain.Tests\bin\Debug\net8.0\fine-code-coverage\coverage-tool-output</ResultsDirectory><TargetPlatform>X64</TargetPlatform><TargetFrameworkVersion>.NETCoreApp,Version=v8.0</TargetFrameworkVersion><DesignMode>False</DesignMode><CollectSourceInformation>False</CollectSourceInformation><TestAdaptersPaths>C:\Program Files\dotnet\sdk\8.0.200\Extensions</TestAdaptersPaths></RunConfiguration><LoggerRunSettings><Loggers><Logger friendlyName="blame" enabled="True" /><Logger friendlyName="Console" uri="logger://microsoft/TestPlatform/ConsoleLogger/v1" assemblyQualifiedName="Microsoft.VisualStudio.TestPlatform.CommandLine.Internal.ConsoleLogger, vstest.console, Version=15.0.0.0, Culture=neutral, PublicKeyToken=b03f5f7f11d50a3a" codeBase="C:\Program Files\dotnet\sdk\8.0.200\vstest.console.dll" enabled="True" /></Loggers></LoggerRunSettings><DataCollectionRunSettings><DataCollectors><DataCollector friendlyName="blame" enabled="True"><Configuration><ResultsDirectory>C:\Estudos\Udemy\CleanArchMvc\CleanArchMvc.Domain.Tests\bin\Debug\net8.0\fine-code-coverage\coverage-tool-output</ResultsDirectory></Configuration></DataCollector></DataCollectors></DataCollectionRunSettings></RunSettings> and sources System.Collections.Generic.List`1[System.String]: 
TpTrace Verbose: 0 : 22284, 5, 2024/03/19, 21:26:45.205, 4512498754305, vstest.console.dll, DataCollectionRequestSender.SendBeforeTestRunStartAndGetResult: Received message: (DataCollection.SendMessage) -> {"MessageType":"DataCollection.SendMessage","Payload":{"FriendlyName":null,"Uri":null,"TestCaseId":"00000000-0000-0000-0000-000000000000","Message":"Logging DataCollector Diagnostics in file: C:\\Estudos\\Udemy\\CleanArchMvc\\CleanArchMvc.Domain.Tests\\bin\\Debug\\net8.0\\fine-code-coverage\\coverage-tool-output\\diagnostics.datacollector.24-03-19_21-26-44_96091_5.log","Level":0}}
TpTrace Verbose: 0 : 22284, 5, 2024/03/19, 21:26:45.283, 4512499536856, vstest.console.dll, DataCollectionRequestSender.SendBeforeTestRunStartAndGetResult: Received message: (DataCollection.BeforeTestRunStartResult) -> {"MessageType":"DataCollection.BeforeTestRunStartResult","Payload":{"EnvironmentVariables":{},"DataCollectionEventsPort":54622}}
TpTrace Information: 0 : 22284, 5, 2024/03/19, 21:26:45.290, 4512499601895, vstest.console.dll, ProxyDataCollectionManager.BeforeTestRunStart: SendBeforeTestRunStartAndGetResult successful, env variable from datacollector:   and testhost port: 54622
TpTrace Information: 0 : 22284, 5, 2024/03/19, 21:26:45.290, 4512499603159, vstest.console.dll, ProxyDataCollectionManager.InvokeDataCollectionServiceAction: Completed.
TpTrace Verbose: 0 : 22284, 5, 2024/03/19, 21:26:45.290, 4512499603550, vstest.console.dll, ParallelProxyExecutionManager.StartTestRunOnConcurrentManager: Initializing test run. Started clients: 0
TpTrace Verbose: 0 : 22284, 5, 2024/03/19, 21:26:45.290, 4512499604626, vstest.console.dll, ProxyExecutionManager: Test host is always Lazy initialize.
TpTrace Verbose: 0 : 22284, 5, 2024/03/19, 21:26:45.290, 4512499606529, vstest.console.dll, TestRequestSender.InitializeCommunication: initialize communication. 
TpTrace Information: 0 : 22284, 5, 2024/03/19, 21:26:45.290, 4512499611179, vstest.console.dll, SocketServer.Start: Listening on endpoint : 127.0.0.1:54623
TpTrace Verbose: 0 : 22284, 5, 2024/03/19, 21:26:45.291, 4512499617985, vstest.console.dll, DotnetTestHostmanager.GetTestHostProcessStartInfo: Platform environment 'X64' target architecture 'X64' framework '.NETCoreApp,Version=v8.0' OS 'Windows'
TpTrace Verbose: 0 : 22284, 5, 2024/03/19, 21:26:45.291, 4512499620150, vstest.console.dll, DotnetTestHostmanager: Adding  --runtimeconfig "C:\Estudos\Udemy\CleanArchMvc\CleanArchMvc.Domain.Tests\bin\Debug\net8.0\fine-code-coverage\build-output\CleanArchMvc.Domain.Tests.runtimeconfig.json" in args
TpTrace Verbose: 0 : 22284, 5, 2024/03/19, 21:26:45.291, 4512499621094, vstest.console.dll, DotnetTestHostmanager: Adding  --depsfile "C:\Estudos\Udemy\CleanArchMvc\CleanArchMvc.Domain.Tests\bin\Debug\net8.0\fine-code-coverage\build-output\CleanArchMvc.Domain.Tests.deps.json" in args
TpTrace Verbose: 0 : 22284, 5, 2024/03/19, 21:26:45.292, 4512499623380, vstest.console.dll, DotnetTestHostmanager.IsWinOnArm: Current PROCESSOR_ARCHITECTURE from environment variable 'AMD64'
TpTrace Verbose: 0 : 22284, 5, 2024/03/19, 21:26:45.292, 4512499624290, vstest.console.dll, DotnetTestHostmanager.IsWinOnArm: Is Windows on ARM 'False'
TpTrace Verbose: 0 : 22284, 5, 2024/03/19, 21:26:45.292, 4512499625235, vstest.console.dll, DotnetTestHostManager: testhost.exe found at path: C:\Estudos\Udemy\CleanArchMvc\CleanArchMvc.Domain.Tests\bin\Debug\net8.0\fine-code-coverage\build-output\testhost.exe
TpTrace Verbose: 0 : 22284, 5, 2024/03/19, 21:26:45.292, 4512499625612, vstest.console.dll, DotnetTestHostmanager: Full path of host exe is C:\Estudos\Udemy\CleanArchMvc\CleanArchMvc.Domain.Tests\bin\Debug\net8.0\fine-code-coverage\build-output\testhost.exe
TpTrace Verbose: 0 : 22284, 5, 2024/03/19, 21:26:45.292, 4512499626805, vstest.console.dll, DotnetTestHostmanager.LaunchTestHostAsync: Found 'VSTEST_WINAPPHOST_DOTNET_ROOT' in env variables, value 'C:\Program Files\dotnet', forwarding to 'DOTNET_ROOT'
TpTrace Verbose: 0 : 22284, 5, 2024/03/19, 21:26:45.292, 4512499628025, vstest.console.dll, DotnetTestHostManager: Starting process 'C:\Estudos\Udemy\CleanArchMvc\CleanArchMvc.Domain.Tests\bin\Debug\net8.0\fine-code-coverage\build-output\testhost.exe' with command line ' --runtimeconfig "C:\Estudos\Udemy\CleanArchMvc\CleanArchMvc.Domain.Tests\bin\Debug\net8.0\fine-code-coverage\build-output\CleanArchMvc.Domain.Tests.runtimeconfig.json" --depsfile "C:\Estudos\Udemy\CleanArchMvc\CleanArchMvc.Domain.Tests\bin\Debug\net8.0\fine-code-coverage\build-output\CleanArchMvc.Domain.Tests.deps.json" --port 54623 --endpoint 127.0.0.1:054623 --role client --parentprocessid 22284 --diag "C:\Estudos\Udemy\CleanArchMvc\CleanArchMvc.Domain.Tests\bin\Debug\net8.0\fine-code-coverage\coverage-tool-output\diagnostics.host.24-03-19_21-26-45_29134_5.log" --tracelevel 4 --datacollectionport 54622 --telemetryoptedin false'
TpTrace Verbose: 0 : 22284, 5, 2024/03/19, 21:26:45.304, 4512499742400, vstest.console.dll, MulticastDelegateUtilities.SafeInvoke: HostProviderEvents.OnHostLaunched: Invoking callback 1/2 for Microsoft.VisualStudio.TestPlatform.CrossPlatEngine.Client.ProxyExecutionManagerWithDataCollection., took 1 ms.
TpTrace Verbose: 0 : 22284, 5, 2024/03/19, 21:26:45.304, 4512499746698, vstest.console.dll, Test Runtime launched
TpTrace Verbose: 0 : 22284, 5, 2024/03/19, 21:26:45.304, 4512499747611, vstest.console.dll, MulticastDelegateUtilities.SafeInvoke: HostProviderEvents.OnHostLaunched: Invoking callback 2/2 for Microsoft.VisualStudio.TestPlatform.CrossPlatEngine.Client.ProxyOperationManager., took 0 ms.
TpTrace Verbose: 0 : 22284, 5, 2024/03/19, 21:26:45.304, 4512499749315, vstest.console.dll, TestRequestSender.WaitForRequestHandlerConnection: waiting for connection with timeout: 90000.
TpTrace Verbose: 0 : 22284, 7, 2024/03/19, 21:26:45.526, 4512501968894, vstest.console.dll, MulticastDelegateUtilities.SafeInvoke: SocketServer: ClientConnected: Invoking callback 1/1 for Microsoft.VisualStudio.TestPlatform.CommunicationUtilities.TestRequestSender., took 0 ms.
TpTrace Verbose: 0 : 22284, 5, 2024/03/19, 21:26:45.526, 4512501968895, vstest.console.dll, TestRequestSender.WaitForRequestHandlerConnection: waiting took 221 ms, with timeout 90000 ms, and result 0, which is success.
TpTrace Verbose: 0 : 22284, 7, 2024/03/19, 21:26:45.526, 4512501970293, vstest.console.dll, SocketServer.OnClientConnected: Client connected for endPoint: 127.0.0.1:54623, starting MessageLoopAsync:
TpTrace Verbose: 0 : 22284, 13, 2024/03/19, 21:26:45.527, 4512501976542, vstest.console.dll, TcpClientExtensions.MessageLoopAsync: Polling on remoteEndPoint: 127.0.0.1:54624 localEndPoint: 127.0.0.1:54623 after 0 ms
TpTrace Verbose: 0 : 22284, 5, 2024/03/19, 21:26:45.527, 4512501980834, vstest.console.dll, TestRequestSender.CheckVersionWithTestHost: Sending check version message: {"MessageType":"ProtocolVersion","Payload":7}
TpTrace Verbose: 0 : 22284, 13, 2024/03/19, 21:26:45.626, 4512502970566, vstest.console.dll, TcpClientExtensions.MessageLoopAsync: NotifyDataAvailable remoteEndPoint: 127.0.0.1:54624 localEndPoint: 127.0.0.1:54623
TpTrace Verbose: 0 : 22284, 13, 2024/03/19, 21:26:45.627, 4512502973577, vstest.console.dll, TestRequestSender.CheckVersionWithTestHost: onMessageReceived received message: (ProtocolVersion) -> {"MessageType":"ProtocolVersion","Payload":7}
TpTrace Verbose: 0 : 22284, 13, 2024/03/19, 21:26:45.627, 4512502980489, vstest.console.dll, MulticastDelegateUtilities.SafeInvoke: LengthPrefixCommunicationChannel: MessageReceived: Invoking callback 1/1 for Microsoft.VisualStudio.TestPlatform.CommunicationUtilities.TestRequestSender+<>c__DisplayClass29_0., took 0 ms.
TpTrace Verbose: 0 : 22284, 5, 2024/03/19, 21:26:45.628, 4512502981668, vstest.console.dll, TestPluginCache.GetExtensionPaths: Filtered extension paths: 
TpTrace Verbose: 0 : 22284, 13, 2024/03/19, 21:26:45.628, 4512502981954, vstest.console.dll, TcpClientExtensions.MessageLoopAsync: Polling on remoteEndPoint: 127.0.0.1:54624 localEndPoint: 127.0.0.1:54623 after 100 ms
TpTrace Verbose: 0 : 22284, 5, 2024/03/19, 21:26:45.628, 4512502982594, vstest.console.dll, TestPluginCache.GetExtensionPaths: Added default extension paths: C:\Program Files\dotnet\sdk\8.0.200\Extensions\Microsoft.Diagnostics.NETCore.Client.dll
C:\Program Files\dotnet\sdk\8.0.200\Extensions\Microsoft.TestPlatform.Extensions.BlameDataCollector.dll
C:\Program Files\dotnet\sdk\8.0.200\Extensions\Microsoft.TestPlatform.Extensions.EventLogCollector.dll
C:\Program Files\dotnet\sdk\8.0.200\Extensions\Microsoft.TestPlatform.TestHostRuntimeProvider.dll
C:\Program Files\dotnet\sdk\8.0.200\Extensions\Microsoft.VisualStudio.TestPlatform.Extensions.Html.TestLogger.dll
C:\Program Files\dotnet\sdk\8.0.200\Extensions\Microsoft.VisualStudio.TestPlatform.Extensions.Trx.TestLogger.dll
TpTrace Verbose: 0 : 22284, 5, 2024/03/19, 21:26:45.628, 4512502984399, vstest.console.dll, TestPluginCache.GetExtensionPaths: Added unfilterableExtensionPaths: 
TpTrace Verbose: 0 : 22284, 5, 2024/03/19, 21:26:45.631, 4512503016204, vstest.console.dll, TestRequestSender.InitializeExecution: Sending initialize execution with message: {"Version":7,"MessageType":"TestExecution.Initialize","Payload":["C:\\Estudos\\Udemy\\CleanArchMvc\\CleanArchMvc.Domain.Tests\\bin\\Debug\\net8.0\\fine-code-coverage\\build-output\\xunit.runner.visualstudio.dotnetcore.testadapter.dll"]}
TpTrace Verbose: 0 : 22284, 5, 2024/03/19, 21:26:45.631, 4512503019418, vstest.console.dll, ParallelProxyExecutionManager.StartTestRunOnConcurrentManager: Execution starting. Started clients: 1
TpTrace Verbose: 0 : 22284, 5, 2024/03/19, 21:26:45.632, 4512503022974, vstest.console.dll, TestRunRequest:SendTestRunMessage: Starting.
TpTrace Verbose: 0 : 22284, 5, 2024/03/19, 21:26:45.632, 4512503025304, vstest.console.dll, MulticastDelegateUtilities.SafeInvoke: TestRun.LogMessages: Invoking callback 1/1 for Microsoft.VisualStudio.TestPlatform.CommandLine.TestRunResultAggregator., took 0 ms.
TpTrace Information: 0 : 22284, 5, 2024/03/19, 21:26:45.632, 4512503025808, vstest.console.dll, TestRunRequest:SendTestRunMessage: Completed.
TpTrace Verbose: 0 : 22284, 4, 2024/03/19, 21:26:45.632, 4512503028586, vstest.console.dll, MulticastDelegateUtilities.SafeInvoke: InternalTestLoggerEvents.SendTestRunMessage: Invoking callback 1/1 for Microsoft.VisualStudio.TestPlatform.CommandLine.Internal.ConsoleLogger., took 0 ms.
TpTrace Warning: 0 : 22284, 5, 2024/03/19, 21:26:45.632, 4512503031229, vstest.console.dll, InferRunSettingsHelper.MakeRunsettingsCompatible: Removing the following settings: TargetPlatform from RunSettings file. To use those settings please move to latest version of Microsoft.NET.Test.Sdk
TpTrace Verbose: 0 : 22284, 13, 2024/03/19, 21:26:45.633, 4512503041079, vstest.console.dll, TcpClientExtensions.MessageLoopAsync: NotifyDataAvailable remoteEndPoint: 127.0.0.1:54624 localEndPoint: 127.0.0.1:54623
TpTrace Verbose: 0 : 22284, 13, 2024/03/19, 21:26:45.634, 4512503045000, vstest.console.dll, TestRequestSender.OnExecutionMessageReceived: Received message: {"Version":7,"MessageType":"TestSession.Message","Payload":{"MessageLevel":0,"Message":"Logging TestHost Diagnostics in file: C:\\Estudos\\Udemy\\CleanArchMvc\\CleanArchMvc.Domain.Tests\\bin\\Debug\\net8.0\\fine-code-coverage\\coverage-tool-output\\diagnostics.host.24-03-19_21-26-45_29134_5.log"}}
TpTrace Verbose: 0 : 22284, 13, 2024/03/19, 21:26:45.636, 4512503069442, vstest.console.dll, TestRunRequest:SendTestRunMessage: Starting.
TpTrace Verbose: 0 : 22284, 13, 2024/03/19, 21:26:45.636, 4512503071224, vstest.console.dll, MulticastDelegateUtilities.SafeInvoke: TestRun.LogMessages: Invoking callback 1/1 for Microsoft.VisualStudio.TestPlatform.CommandLine.TestRunResultAggregator., took 0 ms.
TpTrace Verbose: 0 : 22284, 4, 2024/03/19, 21:26:45.636, 4512503071389, vstest.console.dll, MulticastDelegateUtilities.SafeInvoke: InternalTestLoggerEvents.SendTestRunMessage: Invoking callback 1/1 for Microsoft.VisualStudio.TestPlatform.CommandLine.Internal.ConsoleLogger., took 0 ms.
TpTrace Information: 0 : 22284, 13, 2024/03/19, 21:26:45.637, 4512503071706, vstest.console.dll, TestRunRequest:SendTestRunMessage: Completed.
TpTrace Verbose: 0 : 22284, 13, 2024/03/19, 21:26:45.637, 4512503073388, vstest.console.dll, MulticastDelegateUtilities.SafeInvoke: LengthPrefixCommunicationChannel: MessageReceived: Invoking callback 1/1 for Microsoft.VisualStudio.TestPlatform.CommunicationUtilities.TestRequestSender+<>c__DisplayClass34_0., took 3 ms.
TpTrace Verbose: 0 : 22284, 13, 2024/03/19, 21:26:45.637, 4512503074662, vstest.console.dll, TcpClientExtensions.MessageLoopAsync: Polling on remoteEndPoint: 127.0.0.1:54624 localEndPoint: 127.0.0.1:54623 after 9 ms
TpTrace Verbose: 0 : 22284, 5, 2024/03/19, 21:26:45.641, 4512503117527, vstest.console.dll, TestRequestSender.StartTestRun: Sending test run with message: {"Version":7,"MessageType":"TestExecution.StartWithSources","Payload":{"AdapterSourceMap":{"_none_":["C:\\Estudos\\Udemy\\CleanArchMvc\\CleanArchMvc.Domain.Tests\\bin\\Debug\\net8.0\\fine-code-coverage\\build-output\\CleanArchMvc.Domain.Tests.dll"]},"RunSettings":"<RunSettings>\r\n  <RunConfiguration>\r\n    <ResultsDirectory>C:\\Estudos\\Udemy\\CleanArchMvc\\CleanArchMvc.Domain.Tests\\bin\\Debug\\net8.0\\fine-code-coverage\\coverage-tool-output</ResultsDirectory>\r\n    <TargetFrameworkVersion>.NETCoreApp,Version=v8.0</TargetFrameworkVersion>\r\n    <DesignMode>False</DesignMode>\r\n    <CollectSourceInformation>False</CollectSourceInformation>\r\n  </RunConfiguration>\r\n  <LoggerRunSettings>\r\n    <Loggers>\r\n      <Logger friendlyName=\"blame\" enabled=\"True\" />\r\n      <Logger friendlyName=\"Console\" uri=\"logger://microsoft/TestPlatform/ConsoleLogger/v1\" assemblyQualifiedName=\"Microsoft.VisualStudio.TestPlatform.CommandLine.Internal.ConsoleLogger, vstest.console, Version=15.0.0.0, Culture=neutral, PublicKeyToken=b03f5f7f11d50a3a\" codeBase=\"C:\\Program Files\\dotnet\\sdk\\8.0.200\\vstest.console.dll\" enabled=\"True\" />\r\n    </Loggers>\r\n  </LoggerRunSettings>\r\n  <DataCollectionRunSettings>\r\n    <DataCollectors>\r\n      <DataCollector friendlyName=\"blame\" enabled=\"True\">\r\n        <Configuration>\r\n          <ResultsDirectory>C:\\Estudos\\Udemy\\CleanArchMvc\\CleanArchMvc.Domain.Tests\\bin\\Debug\\net8.0\\fine-code-coverage\\coverage-tool-output</ResultsDirectory>\r\n        </Configuration>\r\n      </DataCollector>\r\n    </DataCollectors>\r\n  </DataCollectionRunSettings>\r\n</RunSettings>","TestExecutionContext":{"FrequencyOfRunStatsChangeEvent":10,"RunStatsChangeEventTimeout":"00:00:01.5000000","InIsolation":false,"KeepAlive":false,"AreTestCaseLevelEventsRequired":false,"IsDebug":false,"TestCaseFilter":null,"FilterOptions":null},"Package":null}}
TpTrace Verbose: 0 : 22284, 5, 2024/03/19, 21:26:45.641, 4512503120361, vstest.console.dll, ParallelProxyExecutionManager.StartTestRunOnConcurrentManager: Execution started. Started clients: 1
TpTrace Verbose: 0 : 22284, 13, 2024/03/19, 21:26:45.758, 4512504282439, vstest.console.dll, TcpClientExtensions.MessageLoopAsync: NotifyDataAvailable remoteEndPoint: 127.0.0.1:54624 localEndPoint: 127.0.0.1:54623
TpTrace Verbose: 0 : 22284, 13, 2024/03/19, 21:26:45.758, 4512504284342, vstest.console.dll, TestRequestSender.OnExecutionMessageReceived: Received message: {"Version":7,"MessageType":"TestSession.Message","Payload":{"MessageLevel":0,"Message":"[xUnit.net 00:00:00.00] xUnit.net VSTest Adapter v2.5.3.1+6b60a9e56a (64-bit .NET 8.0.2)"}}
TpTrace Verbose: 0 : 22284, 13, 2024/03/19, 21:26:45.758, 4512504286703, vstest.console.dll, TestRunRequest:SendTestRunMessage: Starting.
TpTrace Verbose: 0 : 22284, 13, 2024/03/19, 21:26:45.758, 4512504287658, vstest.console.dll, MulticastDelegateUtilities.SafeInvoke: TestRun.LogMessages: Invoking callback 1/1 for Microsoft.VisualStudio.TestPlatform.CommandLine.TestRunResultAggregator., took 0 ms.
TpTrace Verbose: 0 : 22284, 4, 2024/03/19, 21:26:45.758, 4512504287911, vstest.console.dll, MulticastDelegateUtilities.SafeInvoke: InternalTestLoggerEvents.SendTestRunMessage: Invoking callback 1/1 for Microsoft.VisualStudio.TestPlatform.CommandLine.Internal.ConsoleLogger., took 0 ms.
TpTrace Information: 0 : 22284, 13, 2024/03/19, 21:26:45.758, 4512504288015, vstest.console.dll, TestRunRequest:SendTestRunMessage: Completed.
TpTrace Verbose: 0 : 22284, 13, 2024/03/19, 21:26:45.758, 4512504289606, vstest.console.dll, MulticastDelegateUtilities.SafeInvoke: LengthPrefixCommunicationChannel: MessageReceived: Invoking callback 1/1 for Microsoft.VisualStudio.TestPlatform.CommunicationUtilities.TestRequestSender+<>c__DisplayClass34_0., took 0 ms.
TpTrace Verbose: 0 : 22284, 13, 2024/03/19, 21:26:45.758, 4512504290918, vstest.console.dll, TcpClientExtensions.MessageLoopAsync: Polling on remoteEndPoint: 127.0.0.1:54624 localEndPoint: 127.0.0.1:54623 after 121 ms
TpTrace Verbose: 0 : 22284, 13, 2024/03/19, 21:26:45.823, 4512504937104, vstest.console.dll, TcpClientExtensions.MessageLoopAsync: NotifyDataAvailable remoteEndPoint: 127.0.0.1:54624 localEndPoint: 127.0.0.1:54623
TpTrace Verbose: 0 : 22284, 13, 2024/03/19, 21:26:45.823, 4512504938993, vstest.console.dll, TestRequestSender.OnExecutionMessageReceived: Received message: {"Version":7,"MessageType":"TestSession.Message","Payload":{"MessageLevel":0,"Message":"[xUnit.net 00:00:00.06]   Discovering: CleanArchMvc.Domain.Tests"}}
TpTrace Verbose: 0 : 22284, 13, 2024/03/19, 21:26:45.823, 4512504940325, vstest.console.dll, TestRunRequest:SendTestRunMessage: Starting.
TpTrace Verbose: 0 : 22284, 13, 2024/03/19, 21:26:45.823, 4512504940877, vstest.console.dll, MulticastDelegateUtilities.SafeInvoke: TestRun.LogMessages: Invoking callback 1/1 for Microsoft.VisualStudio.TestPlatform.CommandLine.TestRunResultAggregator., took 0 ms.
TpTrace Information: 0 : 22284, 13, 2024/03/19, 21:26:45.823, 4512504941145, vstest.console.dll, TestRunRequest:SendTestRunMessage: Completed.
TpTrace Verbose: 0 : 22284, 4, 2024/03/19, 21:26:45.823, 4512504941333, vstest.console.dll, MulticastDelegateUtilities.SafeInvoke: InternalTestLoggerEvents.SendTestRunMessage: Invoking callback 1/1 for Microsoft.VisualStudio.TestPlatform.CommandLine.Internal.ConsoleLogger., took 0 ms.
TpTrace Verbose: 0 : 22284, 13, 2024/03/19, 21:26:45.823, 4512504941446, vstest.console.dll, MulticastDelegateUtilities.SafeInvoke: LengthPrefixCommunicationChannel: MessageReceived: Invoking callback 1/1 for Microsoft.VisualStudio.TestPlatform.CommunicationUtilities.TestRequestSender+<>c__DisplayClass34_0., took 0 ms.
TpTrace Verbose: 0 : 22284, 13, 2024/03/19, 21:26:45.824, 4512504944023, vstest.console.dll, TcpClientExtensions.MessageLoopAsync: Polling on remoteEndPoint: 127.0.0.1:54624 localEndPoint: 127.0.0.1:54623 after 65 ms
TpTrace Verbose: 0 : 22284, 13, 2024/03/19, 21:26:45.854, 4512505245916, vstest.console.dll, TcpClientExtensions.MessageLoopAsync: NotifyDataAvailable remoteEndPoint: 127.0.0.1:54624 localEndPoint: 127.0.0.1:54623
TpTrace Verbose: 0 : 22284, 13, 2024/03/19, 21:26:45.854, 4512505247905, vstest.console.dll, TestRequestSender.OnExecutionMessageReceived: Received message: {"Version":7,"MessageType":"TestSession.Message","Payload":{"MessageLevel":0,"Message":"[xUnit.net 00:00:00.10]   Discovered:  CleanArchMvc.Domain.Tests"}}
TpTrace Verbose: 0 : 22284, 13, 2024/03/19, 21:26:45.854, 4512505249119, vstest.console.dll, TestRunRequest:SendTestRunMessage: Starting.
TpTrace Verbose: 0 : 22284, 13, 2024/03/19, 21:26:45.854, 4512505249774, vstest.console.dll, MulticastDelegateUtilities.SafeInvoke: TestRun.LogMessages: Invoking callback 1/1 for Microsoft.VisualStudio.TestPlatform.CommandLine.TestRunResultAggregator., took 0 ms.
TpTrace Information: 0 : 22284, 13, 2024/03/19, 21:26:45.854, 4512505250212, vstest.console.dll, TestRunRequest:SendTestRunMessage: Completed.
TpTrace Verbose: 0 : 22284, 13, 2024/03/19, 21:26:45.854, 4512505250554, vstest.console.dll, MulticastDelegateUtilities.SafeInvoke: LengthPrefixCommunicationChannel: MessageReceived: Invoking callback 1/1 for Microsoft.VisualStudio.TestPlatform.CommunicationUtilities.TestRequestSender+<>c__DisplayClass34_0., took 0 ms.
TpTrace Verbose: 0 : 22284, 4, 2024/03/19, 21:26:45.854, 4512505250575, vstest.console.dll, MulticastDelegateUtilities.SafeInvoke: InternalTestLoggerEvents.SendTestRunMessage: Invoking callback 1/1 for Microsoft.VisualStudio.TestPlatform.CommandLine.Internal.ConsoleLogger., took 0 ms.
TpTrace Verbose: 0 : 22284, 13, 2024/03/19, 21:26:45.855, 4512505252109, vstest.console.dll, TcpClientExtensions.MessageLoopAsync: Polling on remoteEndPoint: 127.0.0.1:54624 localEndPoint: 127.0.0.1:54623 after 30 ms
TpTrace Verbose: 0 : 22284, 13, 2024/03/19, 21:26:45.856, 4512505269231, vstest.console.dll, TcpClientExtensions.MessageLoopAsync: NotifyDataAvailable remoteEndPoint: 127.0.0.1:54624 localEndPoint: 127.0.0.1:54623
TpTrace Verbose: 0 : 22284, 13, 2024/03/19, 21:26:45.856, 4512505270511, vstest.console.dll, TestRequestSender.OnExecutionMessageReceived: Received message: {"Version":7,"MessageType":"TestSession.Message","Payload":{"MessageLevel":0,"Message":"[xUnit.net 00:00:00.10]   Starting:    CleanArchMvc.Domain.Tests"}}
TpTrace Verbose: 0 : 22284, 13, 2024/03/19, 21:26:45.857, 4512505271552, vstest.console.dll, TestRunRequest:SendTestRunMessage: Starting.
TpTrace Verbose: 0 : 22284, 13, 2024/03/19, 21:26:45.857, 4512505272172, vstest.console.dll, MulticastDelegateUtilities.SafeInvoke: TestRun.LogMessages: Invoking callback 1/1 for Microsoft.VisualStudio.TestPlatform.CommandLine.TestRunResultAggregator., took 0 ms.
TpTrace Information: 0 : 22284, 13, 2024/03/19, 21:26:45.857, 4512505272578, vstest.console.dll, TestRunRequest:SendTestRunMessage: Completed.
TpTrace Verbose: 0 : 22284, 13, 2024/03/19, 21:26:45.857, 4512505272885, vstest.console.dll, MulticastDelegateUtilities.SafeInvoke: LengthPrefixCommunicationChannel: MessageReceived: Invoking callback 1/1 for Microsoft.VisualStudio.TestPlatform.CommunicationUtilities.TestRequestSender+<>c__DisplayClass34_0., took 0 ms.
TpTrace Verbose: 0 : 22284, 13, 2024/03/19, 21:26:45.857, 4512505273173, vstest.console.dll, TcpClientExtensions.MessageLoopAsync: Polling on remoteEndPoint: 127.0.0.1:54624 localEndPoint: 127.0.0.1:54623 after 2 ms
TpTrace Verbose: 0 : 22284, 4, 2024/03/19, 21:26:45.857, 4512505273104, vstest.console.dll, MulticastDelegateUtilities.SafeInvoke: InternalTestLoggerEvents.SendTestRunMessage: Invoking callback 1/1 for Microsoft.VisualStudio.TestPlatform.CommandLine.Internal.ConsoleLogger., took 0 ms.
TpTrace Verbose: 0 : 22284, 13, 2024/03/19, 21:26:45.955, 4512506259877, vstest.console.dll, TcpClientExtensions.MessageLoopAsync: NotifyDataAvailable remoteEndPoint: 127.0.0.1:54624 localEndPoint: 127.0.0.1:54623
TpTrace Verbose: 0 : 22284, 13, 2024/03/19, 21:26:45.956, 4512506261911, vstest.console.dll, TestRequestSender.OnExecutionMessageReceived: Received message: {"Version":7,"MessageType":"TestSession.Message","Payload":{"MessageLevel":0,"Message":"[xUnit.net 00:00:00.20]   Finished:    CleanArchMvc.Domain.Tests"}}
TpTrace Verbose: 0 : 22284, 13, 2024/03/19, 21:26:45.956, 4512506263703, vstest.console.dll, TestRunRequest:SendTestRunMessage: Starting.
TpTrace Verbose: 0 : 22284, 13, 2024/03/19, 21:26:45.956, 4512506264768, vstest.console.dll, MulticastDelegateUtilities.SafeInvoke: TestRun.LogMessages: Invoking callback 1/1 for Microsoft.VisualStudio.TestPlatform.CommandLine.TestRunResultAggregator., took 0 ms.
TpTrace Verbose: 0 : 22284, 4, 2024/03/19, 21:26:45.956, 4512506265000, vstest.console.dll, MulticastDelegateUtilities.SafeInvoke: InternalTestLoggerEvents.SendTestRunMessage: Invoking callback 1/1 for Microsoft.VisualStudio.TestPlatform.CommandLine.Internal.ConsoleLogger., took 0 ms.
TpTrace Information: 0 : 22284, 13, 2024/03/19, 21:26:45.956, 4512506265358, vstest.console.dll, TestRunRequest:SendTestRunMessage: Completed.
TpTrace Verbose: 0 : 22284, 13, 2024/03/19, 21:26:45.956, 4512506266794, vstest.console.dll, MulticastDelegateUtilities.SafeInvoke: LengthPrefixCommunicationChannel: MessageReceived: Invoking callback 1/1 for Microsoft.VisualStudio.TestPlatform.CommunicationUtilities.TestRequestSender+<>c__DisplayClass34_0., took 0 ms.
TpTrace Verbose: 0 : 22284, 13, 2024/03/19, 21:26:45.956, 4512506267297, vstest.console.dll, TcpClientExtensions.MessageLoopAsync: Polling on remoteEndPoint: 127.0.0.1:54624 localEndPoint: 127.0.0.1:54623 after 99 ms
TpTrace Verbose: 0 : 22284, 13, 2024/03/19, 21:26:45.992, 4512506623773, vstest.console.dll, TcpClientExtensions.MessageLoopAsync: NotifyDataAvailable remoteEndPoint: 127.0.0.1:54624 localEndPoint: 127.0.0.1:54623
TpTrace Verbose: 0 : 22284, 13, 2024/03/19, 21:26:45.992, 4512506627515, vstest.console.dll, TestRequestSender.OnExecutionMessageReceived: Received message: {"Version":7,"MessageType":"TestExecution.Completed","Payload":{"TestRunCompleteArgs":{"TestRunStatistics":{"ExecutedTests":4,"Stats":{"Passed":4}},"IsCanceled":false,"IsAborted":false,"Error":null,"AttachmentSets":[],"InvokedDataCollectors":[],"ElapsedTimeInRunningTests":"00:00:00.2135683","Metrics":{},"DiscoveredExtensions":{"TestDiscoverers":["Xunit.Runner.VisualStudio.VsTestRunner, xunit.runner.visualstudio.dotnetcore.testadapter, Version=2.5.0.0, Culture=neutral, PublicKeyToken=null"],"TestExecutors":["executor://xunit/VsTestRunner2/netcoreapp"],"TestExecutors2":[],"TestSettingsProviders":[]}},"LastRunTests":{"NewTestResults":[{"TestCase":{"Id":"c66c84ee-42a5-b999-d637-b87ea5613b06","FullyQualifiedName":"CleanArchMvc.Domain.Tests.CategoryUnitTest.CreateCategory_WithNegativeIdValue_ShouldThrowDomainExceptionInvalidId","DisplayName":"Category with negative id value","ExecutorUri":"executor://xunit/VsTestRunner2/netcoreapp","Source":"C:\\Estudos\\Udemy\\CleanArchMvc\\CleanArchMvc.Domain.Tests\\bin\\Debug\\net8.0\\fine-code-coverage\\build-output\\CleanArchMvc.Domain.Tests.dll","CodeFilePath":null,"LineNumber":0,"Properties":[]},"Attachments":[],"Outcome":1,"ErrorMessage":null,"ErrorStackTrace":null,"DisplayName":"Category with negative id value","Messages":[],"ComputerName":"SABRLCPNSCJ3","Duration":"00:00:00.0298439","StartTime":"2024-03-20T00:26:45.9291655+00:00","EndTime":"2024-03-20T00:26:45.9291809+00:00","Properties":[]},{"TestCase":{"Id":"de3c005f-fab9-72f4-a53e-393d9b2df599","FullyQualifiedName":"CleanArchMvc.Domain.Tests.CategoryUnitTest.CreateCategory_WithValidaParameters_ShouldReturnValidState","DisplayName":"Category with valid state","ExecutorUri":"executor://xunit/VsTestRunner2/netcoreapp","Source":"C:\\Estudos\\Udemy\\CleanArchMvc\\CleanArchMvc.Domain.Tests\\bin\\Debug\\net8.0\\fine-code-coverage\\build-output\\CleanArchMvc.Domain.Tests.dll","CodeFilePath":null,"LineNumber":0,"Properties":[]},"Attachments":[],"Outcome":1,"ErrorMessage":null,"ErrorStackTrace":null,"DisplayName":"Category with valid state","Messages":[],"ComputerName":"SABRLCPNSCJ3","Duration":"00:00:00.0009140","StartTime":"2024-03-20T00:26:45.9474526+00:00","EndTime":"2024-03-20T00:26:45.9474528+00:00","Properties":[]},{"TestCase":{"Id":"c4b427cf-7f14-0728-8fc1-583913848408","FullyQualifiedName":"CleanArchMvc.Domain.Tests.CategoryUnitTest.CreateCategory_WithShortNameValue_ShouldThrowDomainExceptionShortName","DisplayName":"Category with short name","ExecutorUri":"executor://xunit/VsTestRunner2/netcoreapp","Source":"C:\\Estudos\\Udemy\\CleanArchMvc\\CleanArchMvc.Domain.Tests\\bin\\Debug\\net8.0\\fine-code-coverage\\build-output\\CleanArchMvc.Domain.Tests.dll","CodeFilePath":null,"LineNumber":0,"Properties":[]},"Attachments":[],"Outcome":1,"ErrorMessage":null,"ErrorStackTrace":null,"DisplayName":"Category with short name","Messages":[],"ComputerName":"SABRLCPNSCJ3","Duration":"00:00:00.0047550","StartTime":"2024-03-20T00:26:45.9507649+00:00","EndTime":"2024-03-20T00:26:45.950765+00:00","Properties":[]},{"TestCase":{"Id":"4387f892-b52e-c04a-39eb-701ed420eaa2","FullyQualifiedName":"CleanArchMvc.Domain.Tests.CategoryUnitTest.CreateCategory_MissingNameValue_ShouldThrowDomainExceptionRequiredName","DisplayName":"Category missing name value","ExecutorUri":"executor://xunit/VsTestRunner2/netcoreapp","Source":"C:\\Estudos\\Udemy\\CleanArchMvc\\CleanArchMvc.Domain.Tests\\bin\\Debug\\net8.0\\fine-code-coverage\\build-output\\CleanArchMvc.Domain.Tests.dll","CodeFilePath":null,"LineNumber":0,"Properties":[]},"Attachments":[],"Outcome":1,"ErrorMessage":null,"ErrorStackTrace":null,"DisplayName":"Category missing name value","Messages":[],"ComputerName":"SABRLCPNSCJ3","Duration":"00:00:00.0006369","StartTime":"2024-03-20T00:26:45.9536044+00:00","EndTime":"2024-03-20T00:26:45.9536044+00:00","Properties":[]}],"TestRunStatistics":{"ExecutedTests":4,"Stats":{"Passed":4}},"ActiveTests":[]},"RunAttachments":[],"ExecutorUris":["executor://xunit/VsTestRunner2/netcoreapp"]}}
TpTrace Verbose: 0 : 22284, 13, 2024/03/19, 21:26:45.992, 4512506629259, vstest.console.dll, TestRequestSender.EndSession: Sending end session.
TpTrace Verbose: 0 : 22284, 13, 2024/03/19, 21:26:45.992, 4512506631245, vstest.console.dll, ProxyOperationManager.Close: waiting for test host to exit for 100 ms
TpTrace Verbose: 0 : 22284, 12, 2024/03/19, 21:26:46.017, 4512506872150, vstest.console.dll, TestHostManagerCallbacks.ctor: Experimental forwarding output is disabled.
TpTrace Warning: 0 : 22284, 12, 2024/03/19, 21:26:46.017, 4512506873621, vstest.console.dll, TestHostManagerCallbacks.ErrorReceivedCallback Test host standard error line: 
TpTrace Verbose: 0 : 22284, 12, 2024/03/19, 21:26:46.024, 4512506944736, vstest.console.dll, TestHostProvider.ExitCallBack: Host exited starting callback.
TpTrace Information: 0 : 22284, 12, 2024/03/19, 21:26:46.024, 4512506946271, vstest.console.dll, TestHostManagerCallbacks.ExitCallBack: Testhost processId: 22040 exited with exitcode: 0 error: ''
TpTrace Verbose: 0 : 22284, 12, 2024/03/19, 21:26:46.024, 4512506946631, vstest.console.dll, DotnetTestHostManager.OnHostExited: invoking OnHostExited callback
TpTrace Verbose: 0 : 22284, 12, 2024/03/19, 21:26:46.024, 4512506947142, vstest.console.dll, CrossPlatEngine.TestHostManagerHostExited: calling on client process exit callback.
TpTrace Information: 0 : 22284, 12, 2024/03/19, 21:26:46.024, 4512506947600, vstest.console.dll, TestRequestSender.OnClientProcessExit: Test host process exited. Standard error: 
TpTrace Information: 0 : 22284, 12, 2024/03/19, 21:26:46.024, 4512506947926, vstest.console.dll, SocketServer.Stop: Stop server endPoint: 127.0.0.1:54623
TpTrace Information: 0 : 22284, 12, 2024/03/19, 21:26:46.024, 4512506948172, vstest.console.dll, SocketServer.Stop: Cancellation requested. Stopping message loop.
TpTrace Information: 0 : 22284, 13, 2024/03/19, 21:26:46.024, 4512506948190, vstest.console.dll, SocketServer.Stop: Stop server endPoint: 127.0.0.1:54623
TpTrace Verbose: 0 : 22284, 12, 2024/03/19, 21:26:46.024, 4512506948998, vstest.console.dll, MulticastDelegateUtilities.SafeInvoke: HostProviderEvents.OnHostExited: Invoking callback 1/1 for Microsoft.VisualStudio.TestPlatform.CrossPlatEngine.Client.ProxyOperationManager., took 0 ms.
TpTrace Information: 0 : 22284, 13, 2024/03/19, 21:26:46.024, 4512506949081, vstest.console.dll, SocketServer.Stop: Cancellation requested. Stopping message loop.
TpTrace Information: 0 : 22284, 13, 2024/03/19, 21:26:46.024, 4512506949838, vstest.console.dll, Closing the connection
TpTrace Verbose: 0 : 22284, 13, 2024/03/19, 21:26:46.025, 4512506951580, vstest.console.dll, ProxyDataCollectionManager.InvokeDataCollectionServiceAction: Starting.
TpTrace Information: 0 : 22284, 13, 2024/03/19, 21:26:46.025, 4512506951998, vstest.console.dll, ProxyDataCollectionManager.AfterTestRunEnd: Get attachment set and invoked data collectors processId: 33220 port: 54620
TpTrace Verbose: 0 : 22284, 13, 2024/03/19, 21:26:46.025, 4512506952429, vstest.console.dll, DataCollectionRequestSender.SendAfterTestRunStartAndGetResult: Send AfterTestRunEnd message with isCancelled: False
TpTrace Verbose: 0 : 22284, 13, 2024/03/19, 21:26:46.030, 4512507003735, vstest.console.dll, DataCollectionRequestSender.SendAfterTestRunStartAndGetResult: Received message: (DataCollection.AfterTestRunEndResult) -> {"MessageType":"DataCollection.AfterTestRunEndResult","Payload":{"AttachmentSets":[],"InvokedDataCollectors":[{"Uri":"datacollector://Microsoft/TestPlatform/Extensions/Blame/v1","FriendlyName":"Blame","AssemblyQualifiedName":"Microsoft.TestPlatform.Extensions.BlameDataCollector.BlameCollector, Microsoft.TestPlatform.Extensions.BlameDataCollector, Version=15.0.0.0, Culture=neutral, PublicKeyToken=b03f5f7f11d50a3a","FilePath":"C:\\Program Files\\dotnet\\sdk\\8.0.200\\Extensions\\Microsoft.TestPlatform.Extensions.BlameDataCollector.dll","HasAttachmentProcessor":false}],"Metrics":{}}}
TpTrace Information: 0 : 22284, 13, 2024/03/19, 21:26:46.035, 4512507052001, vstest.console.dll, ProxyDataCollectionManager.InvokeDataCollectionServiceAction: Completed.
TpTrace Warning: 0 : 22284, 10, 2024/03/19, 21:26:46.039, 4512507093795, vstest.console.dll, DataCollectionLauncher.ErrorReceivedCallback datacollector standard error line: 
TpTrace Information: 0 : 22284, 10, 2024/03/19, 21:26:46.044, 4512507143319, vstest.console.dll, DataCollectionLauncher.ExitCallBack: Data collector exited with exitcode: 0 error: ''
TpTrace Verbose: 0 : 22284, 13, 2024/03/19, 21:26:46.077, 4512507481020, vstest.console.dll, TestRunRequest:SendTestRunStatsChange: Starting.
TpTrace Verbose: 0 : 22284, 13, 2024/03/19, 21:26:46.078, 4512507483511, vstest.console.dll, MulticastDelegateUtilities.SafeInvoke: TestRun.RunStatsChanged: Invoking callbacks was skipped because there are no subscribers.
TpTrace Information: 0 : 22284, 13, 2024/03/19, 21:26:46.078, 4512507483980, vstest.console.dll, TestRunRequest:SendTestRunStatsChange: Completed.
TpTrace Verbose: 0 : 22284, 13, 2024/03/19, 21:26:46.078, 4512507489188, vstest.console.dll, ParallelProxyExecutionManager: HandlePartialRunComplete: Total workloads = 1, Total started clients = 1 Total completed clients = 1, Run complete = True, Run canceled: False.
TpTrace Verbose: 0 : 22284, 13, 2024/03/19, 21:26:46.078, 4512507490163, vstest.console.dll, ParallelProxyExecutionManager: HandlePartialRunComplete: All runs completed stopping all managers.
TpTrace Verbose: 0 : 22284, 13, 2024/03/19, 21:26:46.078, 4512507490633, vstest.console.dll, ParallelOperationManager.StopAllManagers: Stopping all managers.
TpTrace Verbose: 0 : 22284, 13, 2024/03/19, 21:26:46.078, 4512507491035, vstest.console.dll, ParallelOperationManager.ClearSlots: Clearing all slots. Slots should accept more work: False
TpTrace Verbose: 0 : 22284, 13, 2024/03/19, 21:26:46.079, 4512507491519, vstest.console.dll, ParallelOperationManager.SetOccupiedSlotCount: Setting slot counts AvailableSlotCount = 3, OccupiedSlotCount = 0.
TpTrace Verbose: 0 : 22284, 13, 2024/03/19, 21:26:46.079, 4512507491964, vstest.console.dll, Occupied slots:

TpTrace Verbose: 0 : 22284, 4, 2024/03/19, 21:26:46.079, 4512507497631, vstest.console.dll, MulticastDelegateUtilities.SafeInvoke: InternalTestLoggerEvents.SendTestResult: Invoking callback 1/1 for Microsoft.VisualStudio.TestPlatform.CommandLine.Internal.ConsoleLogger., took 1 ms.
TpTrace Verbose: 0 : 22284, 4, 2024/03/19, 21:26:46.079, 4512507500509, vstest.console.dll, MulticastDelegateUtilities.SafeInvoke: InternalTestLoggerEvents.SendTestResult: Invoking callback 1/1 for Microsoft.VisualStudio.TestPlatform.CommandLine.Internal.ConsoleLogger., took 0 ms.
TpTrace Verbose: 0 : 22284, 4, 2024/03/19, 21:26:46.079, 4512507501495, vstest.console.dll, MulticastDelegateUtilities.SafeInvoke: InternalTestLoggerEvents.SendTestResult: Invoking callback 1/1 for Microsoft.VisualStudio.TestPlatform.CommandLine.Internal.ConsoleLogger., took 0 ms.
TpTrace Verbose: 0 : 22284, 4, 2024/03/19, 21:26:46.080, 4512507502066, vstest.console.dll, MulticastDelegateUtilities.SafeInvoke: InternalTestLoggerEvents.SendTestResult: Invoking callback 1/1 for Microsoft.VisualStudio.TestPlatform.CommandLine.Internal.ConsoleLogger., took 0 ms.
TpTrace Verbose: 0 : 22284, 4, 2024/03/19, 21:26:46.088, 4512507586757, vstest.console.dll, MulticastDelegateUtilities.SafeInvoke: InternalTestLoggerEvents.SendTestRunComplete: Invoking callback 1/2 for Microsoft.TestPlatform.Extensions.BlameDataCollector.BlameLogger., took 0 ms.
TpTrace Verbose: 0 : 22284, 4, 2024/03/19, 21:26:46.094, 4512507642485, vstest.console.dll, MulticastDelegateUtilities.SafeInvoke: InternalTestLoggerEvents.SendTestRunComplete: Invoking callback 2/2 for Microsoft.VisualStudio.TestPlatform.CommandLine.Internal.ConsoleLogger., took 5 ms.
TpTrace Verbose: 0 : 22284, 13, 2024/03/19, 21:26:46.094, 4512507647623, vstest.console.dll, TestRunRequest:TestRunComplete: Starting. IsAborted:False IsCanceled:False.
TpTrace Verbose: 0 : 22284, 13, 2024/03/19, 21:26:46.094, 4512507649178, vstest.console.dll, ParallelOperationManager.DoActionOnAllManagers: Calling an action on all managers.
TpTrace Verbose: 0 : 22284, 13, 2024/03/19, 21:26:46.095, 4512507655495, vstest.console.dll, TestLoggerManager.HandleTestRunComplete: Ignoring as the object is disposed.
TpTrace Verbose: 0 : 22284, 13, 2024/03/19, 21:26:46.095, 4512507657179, vstest.console.dll, MulticastDelegateUtilities.SafeInvoke: TestRun.TestRunComplete: Invoking callback 1/2 for Microsoft.VisualStudio.TestPlatform.CommandLine.TestRunResultAggregator., took 0 ms.
TpTrace Verbose: 0 : 22284, 13, 2024/03/19, 21:26:46.095, 4512507658154, vstest.console.dll, MulticastDelegateUtilities.SafeInvoke: TestRun.TestRunComplete: Invoking callback 2/2 for Microsoft.VisualStudio.TestPlatform.CommandLine.Processors.RunTestsArgumentExecutor+TestRunRequestEventsRegistrar., took 0 ms.
TpTrace Information: 0 : 22284, 13, 2024/03/19, 21:26:46.095, 4512507659127, vstest.console.dll, TestRunRequest:TestRunComplete: Completed.
TpTrace Verbose: 0 : 22284, 13, 2024/03/19, 21:26:46.095, 4512507659511, vstest.console.dll, TestRequestSender.SetOperationComplete: Setting operation complete.
TpTrace Information: 0 : 22284, 13, 2024/03/19, 21:26:46.095, 4512507659782, vstest.console.dll, SocketServer.Stop: Stop server endPoint: 127.0.0.1:54623
TpTrace Information: 0 : 22284, 13, 2024/03/19, 21:26:46.095, 4512507660025, vstest.console.dll, SocketServer.Stop: Cancellation requested. Stopping message loop.
TpTrace Verbose: 0 : 22284, 13, 2024/03/19, 21:26:46.095, 4512507660349, vstest.console.dll, MulticastDelegateUtilities.SafeInvoke: LengthPrefixCommunicationChannel: MessageReceived: Invoking callback 1/1 for Microsoft.VisualStudio.TestPlatform.CommunicationUtilities.TestRequestSender+<>c__DisplayClass34_0., took 103 ms.
TpTrace Information: 0 : 22284, 13, 2024/03/19, 21:26:46.095, 4512507660727, vstest.console.dll, SocketServer.PrivateStop: Stopping server endPoint: 127.0.0.1:54623 error: 
TpTrace Verbose: 0 : 22284, 1, 2024/03/19, 21:26:46.095, 4512507660032, vstest.console.dll, TestRunRequest.Dispose: Starting.
TpTrace Information: 0 : 22284, 1, 2024/03/19, 21:26:46.096, 4512507662162, vstest.console.dll, TestRunRequest.Dispose: Completed.
TpTrace Information: 0 : 22284, 1, 2024/03/19, 21:26:46.096, 4512507662646, vstest.console.dll, TestRequestManager.RunTests: run tests completed.
TpTrace Information: 0 : 22284, 1, 2024/03/19, 21:26:46.096, 4512507664618, vstest.console.dll, RunTestsArgumentProcessor:Execute: Test run is completed.
TpTrace Verbose: 0 : 22284, 13, 2024/03/19, 21:26:46.096, 4512507666480, vstest.console.dll, LengthPrefixCommunicationChannel.Dispose: Dispose reader and writer.
TpTrace Verbose: 0 : 22284, 1, 2024/03/19, 21:26:46.096, 4512507666667, vstest.console.dll, Executor.Execute: Exiting with exit code of 0
TpTrace Information: 0 : 22284, 13, 2024/03/19, 21:26:46.096, 4512507667260, vstest.console.dll, SocketServer.Stop: Raise disconnected event endPoint: 127.0.0.1:54623 error: 
TpTrace Verbose: 0 : 22284, 13, 2024/03/19, 21:26:46.096, 4512507668287, vstest.console.dll, TestRequestSender: OnTestRunAbort: Operation is already complete. Skip error message.
TpTrace Verbose: 0 : 22284, 13, 2024/03/19, 21:26:46.096, 4512507668689, vstest.console.dll, MulticastDelegateUtilities.SafeInvoke: SocketServer: ClientDisconnected: Invoking callback 1/1 for Microsoft.VisualStudio.TestPlatform.CommunicationUtilities.TestRequestSender., took 0 ms.
TpTrace Verbose: 0 : 22284, 13, 2024/03/19, 21:26:46.096, 4512507668975, vstest.console.dll, TcpClientExtensions.MessageLoopAsync: exiting MessageLoopAsync remoteEndPoint: 127.0.0.1:54624 localEndPoint: 127.0.0.1:54623
